<?xml version="1.0" encoding="UTF-8"?>
<!-- Generated by org.testng.reporters.JUnitXMLReporter -->
<testsuite ignored="0" hostname="DESKTOP-OTDS7KI" failures="0" tests="9" name="Default test" time="0.15" errors="0" timestamp="2023-06-21T23:11:07 IST">
  <testcase classname="flag.AlwaysRun" name="ft1" time="0.014"/>
  <testcase classname="flag.AlwaysRun" name="ft2" time="0.003"/>
  <testcase classname="flag.AlwaysRun" name="ft3" time="0.005"/>
  <testcase classname="flag.AlwaysRun" name="it1" time="0.003"/>
  <testcase classname="flag.AlwaysRun" name="it2" time="0.005"/>
  <testcase classname="flag.AlwaysRun" name="it3" time="0.004"/>
  <testcase classname="flag.AlwaysRun" name="st1" time="0.002"/>
  <testcase classname="flag.AlwaysRun" name="st2" time="0.005"/>
  <testcase classname="flag.AlwaysRun" name="st3" time="0.002"/>
</testsuite> <!-- Default test -->
