<?xml version="1.0" encoding="UTF-8"?>
<!-- Generated by org.testng.reporters.JUnitReportReporter -->
<testsuite hostname="DESKTOP-OTDS7KI" failures="0" tests="1000" name="flag.Innovationflag" time="1.660" errors="0" timestamp="2023-06-21T22:26:35 IST" skipped="0">
  <testcase classname="flag.Innovationflag" name="method" time="0.001"/>
  <system-out>
    <![CDATA[login testcase]]>
  </system-out>
  <testcase classname="flag.Innovationflag" name="method" time="0.000"/>
  <system-out>
    <![CDATA[login testcase]]>
  </system-out>
  <testcase classname="flag.Innovationflag" name="method" time="0.004"/>
  <system-out>
    <![CDATA[login testcase]]>
  </system-out>
  <testcase classname="flag.Innovationflag" name="method" time="0.001"/>
  <system-out>
    <![CDATA[login testcase]]>
  </system-out>
  <testcase classname="flag.Innovationflag" name="method" time="0.001"/>
  <system-out>
    <![CDATA[login testcase]]>
  </system-out>
  <testcase classname="flag.Innovationflag" name="method" time="0.019"/>
  <system-out>
    <![CDATA[login testcase]]>
  </system-out>
  <testcase classname="flag.Innovationflag" name="method" time="0.000"/>
  <system-out>
    <![CDATA[login testcase]]>
  </system-out>
  <testcase classname="flag.Innovationflag" name="method" time="0.001"/>
  <system-out>
    <![CDATA[login testcase]]>
  </system-out>
  <testcase classname="flag.Innovationflag" name="method" time="0.000"/>
  <system-out>
    <![CDATA[login testcase]]>
  </system-out>
  <testcase classname="flag.Innovationflag" name="method" time="0.001"/>
  <system-out>
    <![CDATA[login testcase]]>
  </system-out>
  <testcase classname="flag.Innovationflag" name="method" time="0.001"/>
  <system-out>
    <![CDATA[login testcase]]>
  </system-out>
  <testcase classname="flag.Innovationflag" name="method" time="0.002"/>
  <system-out>
    <![CDATA[login testcase]]>
  </system-out>
  <testcase classname="flag.Innovationflag" name="method" time="0.000"/>
  <system-out>
    <![CDATA[login testcase]]>
  </system-out>
  <testcase classname="flag.Innovationflag" name="method" time="0.000"/>
  <system-out>
    <![CDATA[login testcase]]>
  </system-out>
  <testcase classname="flag.Innovationflag" name="method" time="0.000"/>
  <system-out>
    <![CDATA[login testcase]]>
  </system-out>
  <testcase classname="flag.Innovationflag" name="method" time="0.002"/>
  <system-out>
    <![CDATA[login testcase]]>
  </system-out>
  <testcase classname="flag.Innovationflag" name="method" time="0.014"/>
  <system-out>
    <![CDATA[login testcase]]>
  </system-out>
  <testcase classname="flag.Innovationflag" name="method" time="0.000"/>
  <system-out>
    <![CDATA[login testcase]]>
  </system-out>
  <testcase classname="flag.Innovationflag" name="method" time="0.000"/>
  <system-out>
    <![CDATA[login testcase]]>
  </system-out>
  <testcase classname="flag.Innovationflag" name="method" time="0.001"/>
  <system-out>
    <![CDATA[login testcase]]>
  </system-out>
  <testcase classname="flag.Innovationflag" name="method" time="0.001"/>
  <system-out>
    <![CDATA[login testcase]]>
  </system-out>
  <testcase classname="flag.Innovationflag" name="method" time="0.002"/>
  <system-out>
    <![CDATA[login testcase]]>
  </system-out>
  <testcase classname="flag.Innovationflag" name="method" time="0.001"/>
  <system-out>
    <![CDATA[login testcase]]>
  </system-out>
  <testcase classname="flag.Innovationflag" name="method" time="0.001"/>
  <system-out>
    <![CDATA[login testcase]]>
  </system-out>
  <testcase classname="flag.Innovationflag" name="method" time="0.025"/>
  <system-out>
    <![CDATA[login testcase]]>
  </system-out>
  <testcase classname="flag.Innovationflag" name="method" time="0.004"/>
  <system-out>
    <![CDATA[login testcase]]>
  </system-out>
  <testcase classname="flag.Innovationflag" name="method" time="0.005"/>
  <system-out>
    <![CDATA[login testcase]]>
  </system-out>
  <testcase classname="flag.Innovationflag" name="method" time="0.000"/>
  <system-out>
    <![CDATA[login testcase]]>
  </system-out>
  <testcase classname="flag.Innovationflag" name="method" time="0.001"/>
  <system-out>
    <![CDATA[login testcase]]>
  </system-out>
  <testcase classname="flag.Innovationflag" name="method" time="0.001"/>
  <system-out>
    <![CDATA[login testcase]]>
  </system-out>
  <testcase classname="flag.Innovationflag" name="method" time="0.003"/>
  <system-out>
    <![CDATA[login testcase]]>
  </system-out>
  <testcase classname="flag.Innovationflag" name="method" time="0.002"/>
  <system-out>
    <![CDATA[login testcase]]>
  </system-out>
  <testcase classname="flag.Innovationflag" name="method" time="0.002"/>
  <system-out>
    <![CDATA[login testcase]]>
  </system-out>
  <testcase classname="flag.Innovationflag" name="method" time="0.001"/>
  <system-out>
    <![CDATA[login testcase]]>
  </system-out>
  <testcase classname="flag.Innovationflag" name="method" time="0.000"/>
  <system-out>
    <![CDATA[login testcase]]>
  </system-out>
  <testcase classname="flag.Innovationflag" name="method" time="0.011"/>
  <system-out>
    <![CDATA[login testcase]]>
  </system-out>
  <testcase classname="flag.Innovationflag" name="method" time="0.001"/>
  <system-out>
    <![CDATA[login testcase]]>
  </system-out>
  <testcase classname="flag.Innovationflag" name="method" time="0.001"/>
  <system-out>
    <![CDATA[login testcase]]>
  </system-out>
  <testcase classname="flag.Innovationflag" name="method" time="0.001"/>
  <system-out>
    <![CDATA[login testcase]]>
  </system-out>
  <testcase classname="flag.Innovationflag" name="method" time="0.001"/>
  <system-out>
    <![CDATA[login testcase]]>
  </system-out>
  <testcase classname="flag.Innovationflag" name="method" time="0.002"/>
  <system-out>
    <![CDATA[login testcase]]>
  </system-out>
  <testcase classname="flag.Innovationflag" name="method" time="0.001"/>
  <system-out>
    <![CDATA[login testcase]]>
  </system-out>
  <testcase classname="flag.Innovationflag" name="method" time="0.001"/>
  <system-out>
    <![CDATA[login testcase]]>
  </system-out>
  <testcase classname="flag.Innovationflag" name="method" time="0.002"/>
  <system-out>
    <![CDATA[login testcase]]>
  </system-out>
  <testcase classname="flag.Innovationflag" name="method" time="0.000"/>
  <system-out>
    <![CDATA[login testcase]]>
  </system-out>
  <testcase classname="flag.Innovationflag" name="method" time="0.001"/>
  <system-out>
    <![CDATA[login testcase]]>
  </system-out>
  <testcase classname="flag.Innovationflag" name="method" time="0.005"/>
  <system-out>
    <![CDATA[login testcase]]>
  </system-out>
  <testcase classname="flag.Innovationflag" name="method" time="0.000"/>
  <system-out>
    <![CDATA[login testcase]]>
  </system-out>
  <testcase classname="flag.Innovationflag" name="method" time="0.000"/>
  <system-out>
    <![CDATA[login testcase]]>
  </system-out>
  <testcase classname="flag.Innovationflag" name="method" time="0.005"/>
  <system-out>
    <![CDATA[login testcase]]>
  </system-out>
  <testcase classname="flag.Innovationflag" name="method" time="0.021"/>
  <system-out>
    <![CDATA[login testcase]]>
  </system-out>
  <testcase classname="flag.Innovationflag" name="method" time="0.001"/>
  <system-out>
    <![CDATA[login testcase]]>
  </system-out>
  <testcase classname="flag.Innovationflag" name="method" time="0.000"/>
  <system-out>
    <![CDATA[login testcase]]>
  </system-out>
  <testcase classname="flag.Innovationflag" name="method" time="0.001"/>
  <system-out>
    <![CDATA[login testcase]]>
  </system-out>
  <testcase classname="flag.Innovationflag" name="method" time="0.001"/>
  <system-out>
    <![CDATA[login testcase]]>
  </system-out>
  <testcase classname="flag.Innovationflag" name="method" time="0.001"/>
  <system-out>
    <![CDATA[login testcase]]>
  </system-out>
  <testcase classname="flag.Innovationflag" name="method" time="0.001"/>
  <system-out>
    <![CDATA[login testcase]]>
  </system-out>
  <testcase classname="flag.Innovationflag" name="method" time="0.001"/>
  <system-out>
    <![CDATA[login testcase]]>
  </system-out>
  <testcase classname="flag.Innovationflag" name="method" time="0.000"/>
  <system-out>
    <![CDATA[login testcase]]>
  </system-out>
  <testcase classname="flag.Innovationflag" name="method" time="0.001"/>
  <system-out>
    <![CDATA[login testcase]]>
  </system-out>
  <testcase classname="flag.Innovationflag" name="method" time="0.000"/>
  <system-out>
    <![CDATA[login testcase]]>
  </system-out>
  <testcase classname="flag.Innovationflag" name="method" time="0.001"/>
  <system-out>
    <![CDATA[login testcase]]>
  </system-out>
  <testcase classname="flag.Innovationflag" name="method" time="0.001"/>
  <system-out>
    <![CDATA[login testcase]]>
  </system-out>
  <testcase classname="flag.Innovationflag" name="method" time="0.001"/>
  <system-out>
    <![CDATA[login testcase]]>
  </system-out>
  <testcase classname="flag.Innovationflag" name="method" time="0.001"/>
  <system-out>
    <![CDATA[login testcase]]>
  </system-out>
  <testcase classname="flag.Innovationflag" name="method" time="0.001"/>
  <system-out>
    <![CDATA[login testcase]]>
  </system-out>
  <testcase classname="flag.Innovationflag" name="method" time="0.001"/>
  <system-out>
    <![CDATA[login testcase]]>
  </system-out>
  <testcase classname="flag.Innovationflag" name="method" time="0.000"/>
  <system-out>
    <![CDATA[login testcase]]>
  </system-out>
  <testcase classname="flag.Innovationflag" name="method" time="0.001"/>
  <system-out>
    <![CDATA[login testcase]]>
  </system-out>
  <testcase classname="flag.Innovationflag" name="method" time="0.002"/>
  <system-out>
    <![CDATA[login testcase]]>
  </system-out>
  <testcase classname="flag.Innovationflag" name="method" time="0.001"/>
  <system-out>
    <![CDATA[login testcase]]>
  </system-out>
  <testcase classname="flag.Innovationflag" name="method" time="0.003"/>
  <system-out>
    <![CDATA[login testcase]]>
  </system-out>
  <testcase classname="flag.Innovationflag" name="method" time="0.000"/>
  <system-out>
    <![CDATA[login testcase]]>
  </system-out>
  <testcase classname="flag.Innovationflag" name="method" time="0.003"/>
  <system-out>
    <![CDATA[login testcase]]>
  </system-out>
  <testcase classname="flag.Innovationflag" name="method" time="0.000"/>
  <system-out>
    <![CDATA[login testcase]]>
  </system-out>
  <testcase classname="flag.Innovationflag" name="method" time="0.001"/>
  <system-out>
    <![CDATA[login testcase]]>
  </system-out>
  <testcase classname="flag.Innovationflag" name="method" time="0.000"/>
  <system-out>
    <![CDATA[login testcase]]>
  </system-out>
  <testcase classname="flag.Innovationflag" name="method" time="0.000"/>
  <system-out>
    <![CDATA[login testcase]]>
  </system-out>
  <testcase classname="flag.Innovationflag" name="method" time="0.013"/>
  <system-out>
    <![CDATA[login testcase]]>
  </system-out>
  <testcase classname="flag.Innovationflag" name="method" time="0.000"/>
  <system-out>
    <![CDATA[login testcase]]>
  </system-out>
  <testcase classname="flag.Innovationflag" name="method" time="0.001"/>
  <system-out>
    <![CDATA[login testcase]]>
  </system-out>
  <testcase classname="flag.Innovationflag" name="method" time="0.002"/>
  <system-out>
    <![CDATA[login testcase]]>
  </system-out>
  <testcase classname="flag.Innovationflag" name="method" time="0.000"/>
  <system-out>
    <![CDATA[login testcase]]>
  </system-out>
  <testcase classname="flag.Innovationflag" name="method" time="0.001"/>
  <system-out>
    <![CDATA[login testcase]]>
  </system-out>
  <testcase classname="flag.Innovationflag" name="method" time="0.000"/>
  <system-out>
    <![CDATA[login testcase]]>
  </system-out>
  <testcase classname="flag.Innovationflag" name="method" time="0.000"/>
  <system-out>
    <![CDATA[login testcase]]>
  </system-out>
  <testcase classname="flag.Innovationflag" name="method" time="0.001"/>
  <system-out>
    <![CDATA[login testcase]]>
  </system-out>
  <testcase classname="flag.Innovationflag" name="method" time="0.002"/>
  <system-out>
    <![CDATA[login testcase]]>
  </system-out>
  <testcase classname="flag.Innovationflag" name="method" time="0.001"/>
  <system-out>
    <![CDATA[login testcase]]>
  </system-out>
  <testcase classname="flag.Innovationflag" name="method" time="0.000"/>
  <system-out>
    <![CDATA[login testcase]]>
  </system-out>
  <testcase classname="flag.Innovationflag" name="method" time="0.001"/>
  <system-out>
    <![CDATA[login testcase]]>
  </system-out>
  <testcase classname="flag.Innovationflag" name="method" time="0.000"/>
  <system-out>
    <![CDATA[login testcase]]>
  </system-out>
  <testcase classname="flag.Innovationflag" name="method" time="0.002"/>
  <system-out>
    <![CDATA[login testcase]]>
  </system-out>
  <testcase classname="flag.Innovationflag" name="method" time="0.001"/>
  <system-out>
    <![CDATA[login testcase]]>
  </system-out>
  <testcase classname="flag.Innovationflag" name="method" time="0.001"/>
  <system-out>
    <![CDATA[login testcase]]>
  </system-out>
  <testcase classname="flag.Innovationflag" name="method" time="0.001"/>
  <system-out>
    <![CDATA[login testcase]]>
  </system-out>
  <testcase classname="flag.Innovationflag" name="method" time="0.002"/>
  <system-out>
    <![CDATA[login testcase]]>
  </system-out>
  <testcase classname="flag.Innovationflag" name="method" time="0.001"/>
  <system-out>
    <![CDATA[login testcase]]>
  </system-out>
  <testcase classname="flag.Innovationflag" name="method" time="0.000"/>
  <system-out>
    <![CDATA[login testcase]]>
  </system-out>
  <testcase classname="flag.Innovationflag" name="method" time="0.001"/>
  <system-out>
    <![CDATA[login testcase]]>
  </system-out>
  <testcase classname="flag.Innovationflag" name="method" time="0.001"/>
  <system-out>
    <![CDATA[login testcase]]>
  </system-out>
  <testcase classname="flag.Innovationflag" name="method" time="0.001"/>
  <system-out>
    <![CDATA[login testcase]]>
  </system-out>
  <testcase classname="flag.Innovationflag" name="method" time="0.006"/>
  <system-out>
    <![CDATA[login testcase]]>
  </system-out>
  <testcase classname="flag.Innovationflag" name="method" time="0.001"/>
  <system-out>
    <![CDATA[login testcase]]>
  </system-out>
  <testcase classname="flag.Innovationflag" name="method" time="0.000"/>
  <system-out>
    <![CDATA[login testcase]]>
  </system-out>
  <testcase classname="flag.Innovationflag" name="method" time="0.011"/>
  <system-out>
    <![CDATA[login testcase]]>
  </system-out>
  <testcase classname="flag.Innovationflag" name="method" time="0.001"/>
  <system-out>
    <![CDATA[login testcase]]>
  </system-out>
  <testcase classname="flag.Innovationflag" name="method" time="0.001"/>
  <system-out>
    <![CDATA[login testcase]]>
  </system-out>
  <testcase classname="flag.Innovationflag" name="method" time="0.001"/>
  <system-out>
    <![CDATA[login testcase]]>
  </system-out>
  <testcase classname="flag.Innovationflag" name="method" time="0.002"/>
  <system-out>
    <![CDATA[login testcase]]>
  </system-out>
  <testcase classname="flag.Innovationflag" name="method" time="0.000"/>
  <system-out>
    <![CDATA[login testcase]]>
  </system-out>
  <testcase classname="flag.Innovationflag" name="method" time="0.000"/>
  <system-out>
    <![CDATA[login testcase]]>
  </system-out>
  <testcase classname="flag.Innovationflag" name="method" time="0.002"/>
  <system-out>
    <![CDATA[login testcase]]>
  </system-out>
  <testcase classname="flag.Innovationflag" name="method" time="0.000"/>
  <system-out>
    <![CDATA[login testcase]]>
  </system-out>
  <testcase classname="flag.Innovationflag" name="method" time="0.001"/>
  <system-out>
    <![CDATA[login testcase]]>
  </system-out>
  <testcase classname="flag.Innovationflag" name="method" time="0.000"/>
  <system-out>
    <![CDATA[login testcase]]>
  </system-out>
  <testcase classname="flag.Innovationflag" name="method" time="0.001"/>
  <system-out>
    <![CDATA[login testcase]]>
  </system-out>
  <testcase classname="flag.Innovationflag" name="method" time="0.001"/>
  <system-out>
    <![CDATA[login testcase]]>
  </system-out>
  <testcase classname="flag.Innovationflag" name="method" time="0.006"/>
  <system-out>
    <![CDATA[login testcase]]>
  </system-out>
  <testcase classname="flag.Innovationflag" name="method" time="0.005"/>
  <system-out>
    <![CDATA[login testcase]]>
  </system-out>
  <testcase classname="flag.Innovationflag" name="method" time="0.006"/>
  <system-out>
    <![CDATA[login testcase]]>
  </system-out>
  <testcase classname="flag.Innovationflag" name="method" time="0.000"/>
  <system-out>
    <![CDATA[login testcase]]>
  </system-out>
  <testcase classname="flag.Innovationflag" name="method" time="0.003"/>
  <system-out>
    <![CDATA[login testcase]]>
  </system-out>
  <testcase classname="flag.Innovationflag" name="method" time="0.000"/>
  <system-out>
    <![CDATA[login testcase]]>
  </system-out>
  <testcase classname="flag.Innovationflag" name="method" time="0.004"/>
  <system-out>
    <![CDATA[login testcase]]>
  </system-out>
  <testcase classname="flag.Innovationflag" name="method" time="0.001"/>
  <system-out>
    <![CDATA[login testcase]]>
  </system-out>
  <testcase classname="flag.Innovationflag" name="method" time="0.000"/>
  <system-out>
    <![CDATA[login testcase]]>
  </system-out>
  <testcase classname="flag.Innovationflag" name="method" time="0.000"/>
  <system-out>
    <![CDATA[login testcase]]>
  </system-out>
  <testcase classname="flag.Innovationflag" name="method" time="0.000"/>
  <system-out>
    <![CDATA[login testcase]]>
  </system-out>
  <testcase classname="flag.Innovationflag" name="method" time="0.002"/>
  <system-out>
    <![CDATA[login testcase]]>
  </system-out>
  <testcase classname="flag.Innovationflag" name="method" time="0.001"/>
  <system-out>
    <![CDATA[login testcase]]>
  </system-out>
  <testcase classname="flag.Innovationflag" name="method" time="0.015"/>
  <system-out>
    <![CDATA[login testcase]]>
  </system-out>
  <testcase classname="flag.Innovationflag" name="method" time="0.001"/>
  <system-out>
    <![CDATA[login testcase]]>
  </system-out>
  <testcase classname="flag.Innovationflag" name="method" time="0.001"/>
  <system-out>
    <![CDATA[login testcase]]>
  </system-out>
  <testcase classname="flag.Innovationflag" name="method" time="0.001"/>
  <system-out>
    <![CDATA[login testcase]]>
  </system-out>
  <testcase classname="flag.Innovationflag" name="method" time="0.000"/>
  <system-out>
    <![CDATA[login testcase]]>
  </system-out>
  <testcase classname="flag.Innovationflag" name="method" time="0.001"/>
  <system-out>
    <![CDATA[login testcase]]>
  </system-out>
  <testcase classname="flag.Innovationflag" name="method" time="0.000"/>
  <system-out>
    <![CDATA[login testcase]]>
  </system-out>
  <testcase classname="flag.Innovationflag" name="method" time="0.001"/>
  <system-out>
    <![CDATA[login testcase]]>
  </system-out>
  <testcase classname="flag.Innovationflag" name="method" time="0.002"/>
  <system-out>
    <![CDATA[login testcase]]>
  </system-out>
  <testcase classname="flag.Innovationflag" name="method" time="0.001"/>
  <system-out>
    <![CDATA[login testcase]]>
  </system-out>
  <testcase classname="flag.Innovationflag" name="method" time="0.001"/>
  <system-out>
    <![CDATA[login testcase]]>
  </system-out>
  <testcase classname="flag.Innovationflag" name="method" time="0.000"/>
  <system-out>
    <![CDATA[login testcase]]>
  </system-out>
  <testcase classname="flag.Innovationflag" name="method" time="0.000"/>
  <system-out>
    <![CDATA[login testcase]]>
  </system-out>
  <testcase classname="flag.Innovationflag" name="method" time="0.000"/>
  <system-out>
    <![CDATA[login testcase]]>
  </system-out>
  <testcase classname="flag.Innovationflag" name="method" time="0.001"/>
  <system-out>
    <![CDATA[login testcase]]>
  </system-out>
  <testcase classname="flag.Innovationflag" name="method" time="0.002"/>
  <system-out>
    <![CDATA[login testcase]]>
  </system-out>
  <testcase classname="flag.Innovationflag" name="method" time="0.000"/>
  <system-out>
    <![CDATA[login testcase]]>
  </system-out>
  <testcase classname="flag.Innovationflag" name="method" time="0.001"/>
  <system-out>
    <![CDATA[login testcase]]>
  </system-out>
  <testcase classname="flag.Innovationflag" name="method" time="0.000"/>
  <system-out>
    <![CDATA[login testcase]]>
  </system-out>
  <testcase classname="flag.Innovationflag" name="method" time="0.001"/>
  <system-out>
    <![CDATA[login testcase]]>
  </system-out>
  <testcase classname="flag.Innovationflag" name="method" time="0.015"/>
  <system-out>
    <![CDATA[login testcase]]>
  </system-out>
  <testcase classname="flag.Innovationflag" name="method" time="0.001"/>
  <system-out>
    <![CDATA[login testcase]]>
  </system-out>
  <testcase classname="flag.Innovationflag" name="method" time="0.003"/>
  <system-out>
    <![CDATA[login testcase]]>
  </system-out>
  <testcase classname="flag.Innovationflag" name="method" time="0.000"/>
  <system-out>
    <![CDATA[login testcase]]>
  </system-out>
  <testcase classname="flag.Innovationflag" name="method" time="0.002"/>
  <system-out>
    <![CDATA[login testcase]]>
  </system-out>
  <testcase classname="flag.Innovationflag" name="method" time="0.008"/>
  <system-out>
    <![CDATA[login testcase]]>
  </system-out>
  <testcase classname="flag.Innovationflag" name="method" time="0.000"/>
  <system-out>
    <![CDATA[login testcase]]>
  </system-out>
  <testcase classname="flag.Innovationflag" name="method" time="0.001"/>
  <system-out>
    <![CDATA[login testcase]]>
  </system-out>
  <testcase classname="flag.Innovationflag" name="method" time="0.000"/>
  <system-out>
    <![CDATA[login testcase]]>
  </system-out>
  <testcase classname="flag.Innovationflag" name="method" time="0.001"/>
  <system-out>
    <![CDATA[login testcase]]>
  </system-out>
  <testcase classname="flag.Innovationflag" name="method" time="0.001"/>
  <system-out>
    <![CDATA[login testcase]]>
  </system-out>
  <testcase classname="flag.Innovationflag" name="method" time="0.001"/>
  <system-out>
    <![CDATA[login testcase]]>
  </system-out>
  <testcase classname="flag.Innovationflag" name="method" time="0.001"/>
  <system-out>
    <![CDATA[login testcase]]>
  </system-out>
  <testcase classname="flag.Innovationflag" name="method" time="0.058"/>
  <system-out>
    <![CDATA[login testcase]]>
  </system-out>
  <testcase classname="flag.Innovationflag" name="method" time="0.000"/>
  <system-out>
    <![CDATA[login testcase]]>
  </system-out>
  <testcase classname="flag.Innovationflag" name="method" time="0.001"/>
  <system-out>
    <![CDATA[login testcase]]>
  </system-out>
  <testcase classname="flag.Innovationflag" name="method" time="0.001"/>
  <system-out>
    <![CDATA[login testcase]]>
  </system-out>
  <testcase classname="flag.Innovationflag" name="method" time="0.000"/>
  <system-out>
    <![CDATA[login testcase]]>
  </system-out>
  <testcase classname="flag.Innovationflag" name="method" time="0.000"/>
  <system-out>
    <![CDATA[login testcase]]>
  </system-out>
  <testcase classname="flag.Innovationflag" name="method" time="0.001"/>
  <system-out>
    <![CDATA[login testcase]]>
  </system-out>
  <testcase classname="flag.Innovationflag" name="method" time="0.002"/>
  <system-out>
    <![CDATA[login testcase]]>
  </system-out>
  <testcase classname="flag.Innovationflag" name="method" time="0.001"/>
  <system-out>
    <![CDATA[login testcase]]>
  </system-out>
  <testcase classname="flag.Innovationflag" name="method" time="0.000"/>
  <system-out>
    <![CDATA[login testcase]]>
  </system-out>
  <testcase classname="flag.Innovationflag" name="method" time="0.000"/>
  <system-out>
    <![CDATA[login testcase]]>
  </system-out>
  <testcase classname="flag.Innovationflag" name="method" time="0.000"/>
  <system-out>
    <![CDATA[login testcase]]>
  </system-out>
  <testcase classname="flag.Innovationflag" name="method" time="0.001"/>
  <system-out>
    <![CDATA[login testcase]]>
  </system-out>
  <testcase classname="flag.Innovationflag" name="method" time="0.000"/>
  <system-out>
    <![CDATA[login testcase]]>
  </system-out>
  <testcase classname="flag.Innovationflag" name="method" time="0.000"/>
  <system-out>
    <![CDATA[login testcase]]>
  </system-out>
  <testcase classname="flag.Innovationflag" name="method" time="0.001"/>
  <system-out>
    <![CDATA[login testcase]]>
  </system-out>
  <testcase classname="flag.Innovationflag" name="method" time="0.001"/>
  <system-out>
    <![CDATA[login testcase]]>
  </system-out>
  <testcase classname="flag.Innovationflag" name="method" time="0.000"/>
  <system-out>
    <![CDATA[login testcase]]>
  </system-out>
  <testcase classname="flag.Innovationflag" name="method" time="0.000"/>
  <system-out>
    <![CDATA[login testcase]]>
  </system-out>
  <testcase classname="flag.Innovationflag" name="method" time="0.001"/>
  <system-out>
    <![CDATA[login testcase]]>
  </system-out>
  <testcase classname="flag.Innovationflag" name="method" time="0.001"/>
  <system-out>
    <![CDATA[login testcase]]>
  </system-out>
  <testcase classname="flag.Innovationflag" name="method" time="0.000"/>
  <system-out>
    <![CDATA[login testcase]]>
  </system-out>
  <testcase classname="flag.Innovationflag" name="method" time="0.001"/>
  <system-out>
    <![CDATA[login testcase]]>
  </system-out>
  <testcase classname="flag.Innovationflag" name="method" time="0.000"/>
  <system-out>
    <![CDATA[login testcase]]>
  </system-out>
  <testcase classname="flag.Innovationflag" name="method" time="0.000"/>
  <system-out>
    <![CDATA[login testcase]]>
  </system-out>
  <testcase classname="flag.Innovationflag" name="method" time="0.001"/>
  <system-out>
    <![CDATA[login testcase]]>
  </system-out>
  <testcase classname="flag.Innovationflag" name="method" time="0.001"/>
  <system-out>
    <![CDATA[login testcase]]>
  </system-out>
  <testcase classname="flag.Innovationflag" name="method" time="0.000"/>
  <system-out>
    <![CDATA[login testcase]]>
  </system-out>
  <testcase classname="flag.Innovationflag" name="method" time="0.000"/>
  <system-out>
    <![CDATA[login testcase]]>
  </system-out>
  <testcase classname="flag.Innovationflag" name="method" time="0.001"/>
  <system-out>
    <![CDATA[login testcase]]>
  </system-out>
  <testcase classname="flag.Innovationflag" name="method" time="0.001"/>
  <system-out>
    <![CDATA[login testcase]]>
  </system-out>
  <testcase classname="flag.Innovationflag" name="method" time="0.004"/>
  <system-out>
    <![CDATA[login testcase]]>
  </system-out>
  <testcase classname="flag.Innovationflag" name="method" time="0.000"/>
  <system-out>
    <![CDATA[login testcase]]>
  </system-out>
  <testcase classname="flag.Innovationflag" name="method" time="0.000"/>
  <system-out>
    <![CDATA[login testcase]]>
  </system-out>
  <testcase classname="flag.Innovationflag" name="method" time="0.003"/>
  <system-out>
    <![CDATA[login testcase]]>
  </system-out>
  <testcase classname="flag.Innovationflag" name="method" time="0.001"/>
  <system-out>
    <![CDATA[login testcase]]>
  </system-out>
  <testcase classname="flag.Innovationflag" name="method" time="0.000"/>
  <system-out>
    <![CDATA[login testcase]]>
  </system-out>
  <testcase classname="flag.Innovationflag" name="method" time="0.000"/>
  <system-out>
    <![CDATA[login testcase]]>
  </system-out>
  <testcase classname="flag.Innovationflag" name="method" time="0.003"/>
  <system-out>
    <![CDATA[login testcase]]>
  </system-out>
  <testcase classname="flag.Innovationflag" name="method" time="0.001"/>
  <system-out>
    <![CDATA[login testcase]]>
  </system-out>
  <testcase classname="flag.Innovationflag" name="method" time="0.002"/>
  <system-out>
    <![CDATA[login testcase]]>
  </system-out>
  <testcase classname="flag.Innovationflag" name="method" time="0.004"/>
  <system-out>
    <![CDATA[login testcase]]>
  </system-out>
  <testcase classname="flag.Innovationflag" name="method" time="0.000"/>
  <system-out>
    <![CDATA[login testcase]]>
  </system-out>
  <testcase classname="flag.Innovationflag" name="method" time="0.001"/>
  <system-out>
    <![CDATA[login testcase]]>
  </system-out>
  <testcase classname="flag.Innovationflag" name="method" time="0.001"/>
  <system-out>
    <![CDATA[login testcase]]>
  </system-out>
  <testcase classname="flag.Innovationflag" name="method" time="0.000"/>
  <system-out>
    <![CDATA[login testcase]]>
  </system-out>
  <testcase classname="flag.Innovationflag" name="method" time="0.001"/>
  <system-out>
    <![CDATA[login testcase]]>
  </system-out>
  <testcase classname="flag.Innovationflag" name="method" time="0.003"/>
  <system-out>
    <![CDATA[login testcase]]>
  </system-out>
  <testcase classname="flag.Innovationflag" name="method" time="0.002"/>
  <system-out>
    <![CDATA[login testcase]]>
  </system-out>
  <testcase classname="flag.Innovationflag" name="method" time="0.000"/>
  <system-out>
    <![CDATA[login testcase]]>
  </system-out>
  <testcase classname="flag.Innovationflag" name="method" time="0.000"/>
  <system-out>
    <![CDATA[login testcase]]>
  </system-out>
  <testcase classname="flag.Innovationflag" name="method" time="0.000"/>
  <system-out>
    <![CDATA[login testcase]]>
  </system-out>
  <testcase classname="flag.Innovationflag" name="method" time="0.000"/>
  <system-out>
    <![CDATA[login testcase]]>
  </system-out>
  <testcase classname="flag.Innovationflag" name="method" time="0.000"/>
  <system-out>
    <![CDATA[login testcase]]>
  </system-out>
  <testcase classname="flag.Innovationflag" name="method" time="0.001"/>
  <system-out>
    <![CDATA[login testcase]]>
  </system-out>
  <testcase classname="flag.Innovationflag" name="method" time="0.001"/>
  <system-out>
    <![CDATA[login testcase]]>
  </system-out>
  <testcase classname="flag.Innovationflag" name="method" time="0.001"/>
  <system-out>
    <![CDATA[login testcase]]>
  </system-out>
  <testcase classname="flag.Innovationflag" name="method" time="0.001"/>
  <system-out>
    <![CDATA[login testcase]]>
  </system-out>
  <testcase classname="flag.Innovationflag" name="method" time="0.001"/>
  <system-out>
    <![CDATA[login testcase]]>
  </system-out>
  <testcase classname="flag.Innovationflag" name="method" time="0.001"/>
  <system-out>
    <![CDATA[login testcase]]>
  </system-out>
  <testcase classname="flag.Innovationflag" name="method" time="0.001"/>
  <system-out>
    <![CDATA[login testcase]]>
  </system-out>
  <testcase classname="flag.Innovationflag" name="method" time="0.000"/>
  <system-out>
    <![CDATA[login testcase]]>
  </system-out>
  <testcase classname="flag.Innovationflag" name="method" time="0.001"/>
  <system-out>
    <![CDATA[login testcase]]>
  </system-out>
  <testcase classname="flag.Innovationflag" name="method" time="0.002"/>
  <system-out>
    <![CDATA[login testcase]]>
  </system-out>
  <testcase classname="flag.Innovationflag" name="method" time="0.003"/>
  <system-out>
    <![CDATA[login testcase]]>
  </system-out>
  <testcase classname="flag.Innovationflag" name="method" time="0.000"/>
  <system-out>
    <![CDATA[login testcase]]>
  </system-out>
  <testcase classname="flag.Innovationflag" name="method" time="0.001"/>
  <system-out>
    <![CDATA[login testcase]]>
  </system-out>
  <testcase classname="flag.Innovationflag" name="method" time="0.009"/>
  <system-out>
    <![CDATA[login testcase]]>
  </system-out>
  <testcase classname="flag.Innovationflag" name="method" time="0.000"/>
  <system-out>
    <![CDATA[login testcase]]>
  </system-out>
  <testcase classname="flag.Innovationflag" name="method" time="0.002"/>
  <system-out>
    <![CDATA[login testcase]]>
  </system-out>
  <testcase classname="flag.Innovationflag" name="method" time="0.000"/>
  <system-out>
    <![CDATA[login testcase]]>
  </system-out>
  <testcase classname="flag.Innovationflag" name="method" time="0.003"/>
  <system-out>
    <![CDATA[login testcase]]>
  </system-out>
  <testcase classname="flag.Innovationflag" name="method" time="0.005"/>
  <system-out>
    <![CDATA[login testcase]]>
  </system-out>
  <testcase classname="flag.Innovationflag" name="method" time="0.000"/>
  <system-out>
    <![CDATA[login testcase]]>
  </system-out>
  <testcase classname="flag.Innovationflag" name="method" time="0.000"/>
  <system-out>
    <![CDATA[login testcase]]>
  </system-out>
  <testcase classname="flag.Innovationflag" name="method" time="0.000"/>
  <system-out>
    <![CDATA[login testcase]]>
  </system-out>
  <testcase classname="flag.Innovationflag" name="method" time="0.003"/>
  <system-out>
    <![CDATA[login testcase]]>
  </system-out>
  <testcase classname="flag.Innovationflag" name="method" time="0.001"/>
  <system-out>
    <![CDATA[login testcase]]>
  </system-out>
  <testcase classname="flag.Innovationflag" name="method" time="0.000"/>
  <system-out>
    <![CDATA[login testcase]]>
  </system-out>
  <testcase classname="flag.Innovationflag" name="method" time="0.000"/>
  <system-out>
    <![CDATA[login testcase]]>
  </system-out>
  <testcase classname="flag.Innovationflag" name="method" time="0.001"/>
  <system-out>
    <![CDATA[login testcase]]>
  </system-out>
  <testcase classname="flag.Innovationflag" name="method" time="0.000"/>
  <system-out>
    <![CDATA[login testcase]]>
  </system-out>
  <testcase classname="flag.Innovationflag" name="method" time="0.002"/>
  <system-out>
    <![CDATA[login testcase]]>
  </system-out>
  <testcase classname="flag.Innovationflag" name="method" time="0.000"/>
  <system-out>
    <![CDATA[login testcase]]>
  </system-out>
  <testcase classname="flag.Innovationflag" name="method" time="0.000"/>
  <system-out>
    <![CDATA[login testcase]]>
  </system-out>
  <testcase classname="flag.Innovationflag" name="method" time="0.000"/>
  <system-out>
    <![CDATA[login testcase]]>
  </system-out>
  <testcase classname="flag.Innovationflag" name="method" time="0.000"/>
  <system-out>
    <![CDATA[login testcase]]>
  </system-out>
  <testcase classname="flag.Innovationflag" name="method" time="0.000"/>
  <system-out>
    <![CDATA[login testcase]]>
  </system-out>
  <testcase classname="flag.Innovationflag" name="method" time="0.000"/>
  <system-out>
    <![CDATA[login testcase]]>
  </system-out>
  <testcase classname="flag.Innovationflag" name="method" time="0.005"/>
  <system-out>
    <![CDATA[login testcase]]>
  </system-out>
  <testcase classname="flag.Innovationflag" name="method" time="0.001"/>
  <system-out>
    <![CDATA[login testcase]]>
  </system-out>
  <testcase classname="flag.Innovationflag" name="method" time="0.001"/>
  <system-out>
    <![CDATA[login testcase]]>
  </system-out>
  <testcase classname="flag.Innovationflag" name="method" time="0.010"/>
  <system-out>
    <![CDATA[login testcase]]>
  </system-out>
  <testcase classname="flag.Innovationflag" name="method" time="0.000"/>
  <system-out>
    <![CDATA[login testcase]]>
  </system-out>
  <testcase classname="flag.Innovationflag" name="method" time="0.002"/>
  <system-out>
    <![CDATA[login testcase]]>
  </system-out>
  <testcase classname="flag.Innovationflag" name="method" time="0.000"/>
  <system-out>
    <![CDATA[login testcase]]>
  </system-out>
  <testcase classname="flag.Innovationflag" name="method" time="0.000"/>
  <system-out>
    <![CDATA[login testcase]]>
  </system-out>
  <testcase classname="flag.Innovationflag" name="method" time="0.001"/>
  <system-out>
    <![CDATA[login testcase]]>
  </system-out>
  <testcase classname="flag.Innovationflag" name="method" time="0.000"/>
  <system-out>
    <![CDATA[login testcase]]>
  </system-out>
  <testcase classname="flag.Innovationflag" name="method" time="0.000"/>
  <system-out>
    <![CDATA[login testcase]]>
  </system-out>
  <testcase classname="flag.Innovationflag" name="method" time="0.000"/>
  <system-out>
    <![CDATA[login testcase]]>
  </system-out>
  <testcase classname="flag.Innovationflag" name="method" time="0.000"/>
  <system-out>
    <![CDATA[login testcase]]>
  </system-out>
  <testcase classname="flag.Innovationflag" name="method" time="0.001"/>
  <system-out>
    <![CDATA[login testcase]]>
  </system-out>
  <testcase classname="flag.Innovationflag" name="method" time="0.003"/>
  <system-out>
    <![CDATA[login testcase]]>
  </system-out>
  <testcase classname="flag.Innovationflag" name="method" time="0.003"/>
  <system-out>
    <![CDATA[login testcase]]>
  </system-out>
  <testcase classname="flag.Innovationflag" name="method" time="0.000"/>
  <system-out>
    <![CDATA[login testcase]]>
  </system-out>
  <testcase classname="flag.Innovationflag" name="method" time="0.000"/>
  <system-out>
    <![CDATA[login testcase]]>
  </system-out>
  <testcase classname="flag.Innovationflag" name="method" time="0.002"/>
  <system-out>
    <![CDATA[login testcase]]>
  </system-out>
  <testcase classname="flag.Innovationflag" name="method" time="0.001"/>
  <system-out>
    <![CDATA[login testcase]]>
  </system-out>
  <testcase classname="flag.Innovationflag" name="method" time="0.000"/>
  <system-out>
    <![CDATA[login testcase]]>
  </system-out>
  <testcase classname="flag.Innovationflag" name="method" time="0.008"/>
  <system-out>
    <![CDATA[login testcase]]>
  </system-out>
  <testcase classname="flag.Innovationflag" name="method" time="0.000"/>
  <system-out>
    <![CDATA[login testcase]]>
  </system-out>
  <testcase classname="flag.Innovationflag" name="method" time="0.001"/>
  <system-out>
    <![CDATA[login testcase]]>
  </system-out>
  <testcase classname="flag.Innovationflag" name="method" time="0.000"/>
  <system-out>
    <![CDATA[login testcase]]>
  </system-out>
  <testcase classname="flag.Innovationflag" name="method" time="0.000"/>
  <system-out>
    <![CDATA[login testcase]]>
  </system-out>
  <testcase classname="flag.Innovationflag" name="method" time="0.003"/>
  <system-out>
    <![CDATA[login testcase]]>
  </system-out>
  <testcase classname="flag.Innovationflag" name="method" time="0.001"/>
  <system-out>
    <![CDATA[login testcase]]>
  </system-out>
  <testcase classname="flag.Innovationflag" name="method" time="0.000"/>
  <system-out>
    <![CDATA[login testcase]]>
  </system-out>
  <testcase classname="flag.Innovationflag" name="method" time="0.001"/>
  <system-out>
    <![CDATA[login testcase]]>
  </system-out>
  <testcase classname="flag.Innovationflag" name="method" time="0.002"/>
  <system-out>
    <![CDATA[login testcase]]>
  </system-out>
  <testcase classname="flag.Innovationflag" name="method" time="0.001"/>
  <system-out>
    <![CDATA[login testcase]]>
  </system-out>
  <testcase classname="flag.Innovationflag" name="method" time="0.001"/>
  <system-out>
    <![CDATA[login testcase]]>
  </system-out>
  <testcase classname="flag.Innovationflag" name="method" time="0.004"/>
  <system-out>
    <![CDATA[login testcase]]>
  </system-out>
  <testcase classname="flag.Innovationflag" name="method" time="0.007"/>
  <system-out>
    <![CDATA[login testcase]]>
  </system-out>
  <testcase classname="flag.Innovationflag" name="method" time="0.002"/>
  <system-out>
    <![CDATA[login testcase]]>
  </system-out>
  <testcase classname="flag.Innovationflag" name="method" time="0.006"/>
  <system-out>
    <![CDATA[login testcase]]>
  </system-out>
  <testcase classname="flag.Innovationflag" name="method" time="0.001"/>
  <system-out>
    <![CDATA[login testcase]]>
  </system-out>
  <testcase classname="flag.Innovationflag" name="method" time="0.000"/>
  <system-out>
    <![CDATA[login testcase]]>
  </system-out>
  <testcase classname="flag.Innovationflag" name="method" time="0.000"/>
  <system-out>
    <![CDATA[login testcase]]>
  </system-out>
  <testcase classname="flag.Innovationflag" name="method" time="0.000"/>
  <system-out>
    <![CDATA[login testcase]]>
  </system-out>
  <testcase classname="flag.Innovationflag" name="method" time="0.001"/>
  <system-out>
    <![CDATA[login testcase]]>
  </system-out>
  <testcase classname="flag.Innovationflag" name="method" time="0.004"/>
  <system-out>
    <![CDATA[login testcase]]>
  </system-out>
  <testcase classname="flag.Innovationflag" name="method" time="0.000"/>
  <system-out>
    <![CDATA[login testcase]]>
  </system-out>
  <testcase classname="flag.Innovationflag" name="method" time="0.000"/>
  <system-out>
    <![CDATA[login testcase]]>
  </system-out>
  <testcase classname="flag.Innovationflag" name="method" time="0.001"/>
  <system-out>
    <![CDATA[login testcase]]>
  </system-out>
  <testcase classname="flag.Innovationflag" name="method" time="0.000"/>
  <system-out>
    <![CDATA[login testcase]]>
  </system-out>
  <testcase classname="flag.Innovationflag" name="method" time="0.000"/>
  <system-out>
    <![CDATA[login testcase]]>
  </system-out>
  <testcase classname="flag.Innovationflag" name="method" time="0.000"/>
  <system-out>
    <![CDATA[login testcase]]>
  </system-out>
  <testcase classname="flag.Innovationflag" name="method" time="0.001"/>
  <system-out>
    <![CDATA[login testcase]]>
  </system-out>
  <testcase classname="flag.Innovationflag" name="method" time="0.000"/>
  <system-out>
    <![CDATA[login testcase]]>
  </system-out>
  <testcase classname="flag.Innovationflag" name="method" time="0.001"/>
  <system-out>
    <![CDATA[login testcase]]>
  </system-out>
  <testcase classname="flag.Innovationflag" name="method" time="0.005"/>
  <system-out>
    <![CDATA[login testcase]]>
  </system-out>
  <testcase classname="flag.Innovationflag" name="method" time="0.003"/>
  <system-out>
    <![CDATA[login testcase]]>
  </system-out>
  <testcase classname="flag.Innovationflag" name="method" time="0.001"/>
  <system-out>
    <![CDATA[login testcase]]>
  </system-out>
  <testcase classname="flag.Innovationflag" name="method" time="0.001"/>
  <system-out>
    <![CDATA[login testcase]]>
  </system-out>
  <testcase classname="flag.Innovationflag" name="method" time="0.001"/>
  <system-out>
    <![CDATA[login testcase]]>
  </system-out>
  <testcase classname="flag.Innovationflag" name="method" time="0.001"/>
  <system-out>
    <![CDATA[login testcase]]>
  </system-out>
  <testcase classname="flag.Innovationflag" name="method" time="0.001"/>
  <system-out>
    <![CDATA[login testcase]]>
  </system-out>
  <testcase classname="flag.Innovationflag" name="method" time="0.001"/>
  <system-out>
    <![CDATA[login testcase]]>
  </system-out>
  <testcase classname="flag.Innovationflag" name="method" time="0.001"/>
  <system-out>
    <![CDATA[login testcase]]>
  </system-out>
  <testcase classname="flag.Innovationflag" name="method" time="0.000"/>
  <system-out>
    <![CDATA[login testcase]]>
  </system-out>
  <testcase classname="flag.Innovationflag" name="method" time="0.001"/>
  <system-out>
    <![CDATA[login testcase]]>
  </system-out>
  <testcase classname="flag.Innovationflag" name="method" time="0.001"/>
  <system-out>
    <![CDATA[login testcase]]>
  </system-out>
  <testcase classname="flag.Innovationflag" name="method" time="0.001"/>
  <system-out>
    <![CDATA[login testcase]]>
  </system-out>
  <testcase classname="flag.Innovationflag" name="method" time="0.002"/>
  <system-out>
    <![CDATA[login testcase]]>
  </system-out>
  <testcase classname="flag.Innovationflag" name="method" time="0.001"/>
  <system-out>
    <![CDATA[login testcase]]>
  </system-out>
  <testcase classname="flag.Innovationflag" name="method" time="0.000"/>
  <system-out>
    <![CDATA[login testcase]]>
  </system-out>
  <testcase classname="flag.Innovationflag" name="method" time="0.001"/>
  <system-out>
    <![CDATA[login testcase]]>
  </system-out>
  <testcase classname="flag.Innovationflag" name="method" time="0.001"/>
  <system-out>
    <![CDATA[login testcase]]>
  </system-out>
  <testcase classname="flag.Innovationflag" name="method" time="0.001"/>
  <system-out>
    <![CDATA[login testcase]]>
  </system-out>
  <testcase classname="flag.Innovationflag" name="method" time="0.000"/>
  <system-out>
    <![CDATA[login testcase]]>
  </system-out>
  <testcase classname="flag.Innovationflag" name="method" time="0.001"/>
  <system-out>
    <![CDATA[login testcase]]>
  </system-out>
  <testcase classname="flag.Innovationflag" name="method" time="0.002"/>
  <system-out>
    <![CDATA[login testcase]]>
  </system-out>
  <testcase classname="flag.Innovationflag" name="method" time="0.001"/>
  <system-out>
    <![CDATA[login testcase]]>
  </system-out>
  <testcase classname="flag.Innovationflag" name="method" time="0.004"/>
  <system-out>
    <![CDATA[login testcase]]>
  </system-out>
  <testcase classname="flag.Innovationflag" name="method" time="0.001"/>
  <system-out>
    <![CDATA[login testcase]]>
  </system-out>
  <testcase classname="flag.Innovationflag" name="method" time="0.000"/>
  <system-out>
    <![CDATA[login testcase]]>
  </system-out>
  <testcase classname="flag.Innovationflag" name="method" time="0.011"/>
  <system-out>
    <![CDATA[login testcase]]>
  </system-out>
  <testcase classname="flag.Innovationflag" name="method" time="0.005"/>
  <system-out>
    <![CDATA[login testcase]]>
  </system-out>
  <testcase classname="flag.Innovationflag" name="method" time="0.001"/>
  <system-out>
    <![CDATA[login testcase]]>
  </system-out>
  <testcase classname="flag.Innovationflag" name="method" time="0.000"/>
  <system-out>
    <![CDATA[login testcase]]>
  </system-out>
  <testcase classname="flag.Innovationflag" name="method" time="0.003"/>
  <system-out>
    <![CDATA[login testcase]]>
  </system-out>
  <testcase classname="flag.Innovationflag" name="method" time="0.000"/>
  <system-out>
    <![CDATA[login testcase]]>
  </system-out>
  <testcase classname="flag.Innovationflag" name="method" time="0.014"/>
  <system-out>
    <![CDATA[login testcase]]>
  </system-out>
  <testcase classname="flag.Innovationflag" name="method" time="0.000"/>
  <system-out>
    <![CDATA[login testcase]]>
  </system-out>
  <testcase classname="flag.Innovationflag" name="method" time="0.001"/>
  <system-out>
    <![CDATA[login testcase]]>
  </system-out>
  <testcase classname="flag.Innovationflag" name="method" time="0.001"/>
  <system-out>
    <![CDATA[login testcase]]>
  </system-out>
  <testcase classname="flag.Innovationflag" name="method" time="0.000"/>
  <system-out>
    <![CDATA[login testcase]]>
  </system-out>
  <testcase classname="flag.Innovationflag" name="method" time="0.001"/>
  <system-out>
    <![CDATA[login testcase]]>
  </system-out>
  <testcase classname="flag.Innovationflag" name="method" time="0.007"/>
  <system-out>
    <![CDATA[login testcase]]>
  </system-out>
  <testcase classname="flag.Innovationflag" name="method" time="0.001"/>
  <system-out>
    <![CDATA[login testcase]]>
  </system-out>
  <testcase classname="flag.Innovationflag" name="method" time="0.001"/>
  <system-out>
    <![CDATA[login testcase]]>
  </system-out>
  <testcase classname="flag.Innovationflag" name="method" time="0.000"/>
  <system-out>
    <![CDATA[login testcase]]>
  </system-out>
  <testcase classname="flag.Innovationflag" name="method" time="0.001"/>
  <system-out>
    <![CDATA[login testcase]]>
  </system-out>
  <testcase classname="flag.Innovationflag" name="method" time="0.001"/>
  <system-out>
    <![CDATA[login testcase]]>
  </system-out>
  <testcase classname="flag.Innovationflag" name="method" time="0.003"/>
  <system-out>
    <![CDATA[login testcase]]>
  </system-out>
  <testcase classname="flag.Innovationflag" name="method" time="0.000"/>
  <system-out>
    <![CDATA[login testcase]]>
  </system-out>
  <testcase classname="flag.Innovationflag" name="method" time="0.000"/>
  <system-out>
    <![CDATA[login testcase]]>
  </system-out>
  <testcase classname="flag.Innovationflag" name="method" time="0.001"/>
  <system-out>
    <![CDATA[login testcase]]>
  </system-out>
  <testcase classname="flag.Innovationflag" name="method" time="0.002"/>
  <system-out>
    <![CDATA[login testcase]]>
  </system-out>
  <testcase classname="flag.Innovationflag" name="method" time="0.000"/>
  <system-out>
    <![CDATA[login testcase]]>
  </system-out>
  <testcase classname="flag.Innovationflag" name="method" time="0.007"/>
  <system-out>
    <![CDATA[login testcase]]>
  </system-out>
  <testcase classname="flag.Innovationflag" name="method" time="0.000"/>
  <system-out>
    <![CDATA[login testcase]]>
  </system-out>
  <testcase classname="flag.Innovationflag" name="method" time="0.001"/>
  <system-out>
    <![CDATA[login testcase]]>
  </system-out>
  <testcase classname="flag.Innovationflag" name="method" time="0.000"/>
  <system-out>
    <![CDATA[login testcase]]>
  </system-out>
  <testcase classname="flag.Innovationflag" name="method" time="0.002"/>
  <system-out>
    <![CDATA[login testcase]]>
  </system-out>
  <testcase classname="flag.Innovationflag" name="method" time="0.002"/>
  <system-out>
    <![CDATA[login testcase]]>
  </system-out>
  <testcase classname="flag.Innovationflag" name="method" time="0.001"/>
  <system-out>
    <![CDATA[login testcase]]>
  </system-out>
  <testcase classname="flag.Innovationflag" name="method" time="0.000"/>
  <system-out>
    <![CDATA[login testcase]]>
  </system-out>
  <testcase classname="flag.Innovationflag" name="method" time="0.001"/>
  <system-out>
    <![CDATA[login testcase]]>
  </system-out>
  <testcase classname="flag.Innovationflag" name="method" time="0.000"/>
  <system-out>
    <![CDATA[login testcase]]>
  </system-out>
  <testcase classname="flag.Innovationflag" name="method" time="0.001"/>
  <system-out>
    <![CDATA[login testcase]]>
  </system-out>
  <testcase classname="flag.Innovationflag" name="method" time="0.007"/>
  <system-out>
    <![CDATA[login testcase]]>
  </system-out>
  <testcase classname="flag.Innovationflag" name="method" time="0.001"/>
  <system-out>
    <![CDATA[login testcase]]>
  </system-out>
  <testcase classname="flag.Innovationflag" name="method" time="0.000"/>
  <system-out>
    <![CDATA[login testcase]]>
  </system-out>
  <testcase classname="flag.Innovationflag" name="method" time="0.000"/>
  <system-out>
    <![CDATA[login testcase]]>
  </system-out>
  <testcase classname="flag.Innovationflag" name="method" time="0.003"/>
  <system-out>
    <![CDATA[login testcase]]>
  </system-out>
  <testcase classname="flag.Innovationflag" name="method" time="0.001"/>
  <system-out>
    <![CDATA[login testcase]]>
  </system-out>
  <testcase classname="flag.Innovationflag" name="method" time="0.002"/>
  <system-out>
    <![CDATA[login testcase]]>
  </system-out>
  <testcase classname="flag.Innovationflag" name="method" time="0.001"/>
  <system-out>
    <![CDATA[login testcase]]>
  </system-out>
  <testcase classname="flag.Innovationflag" name="method" time="0.001"/>
  <system-out>
    <![CDATA[login testcase]]>
  </system-out>
  <testcase classname="flag.Innovationflag" name="method" time="0.001"/>
  <system-out>
    <![CDATA[login testcase]]>
  </system-out>
  <testcase classname="flag.Innovationflag" name="method" time="0.001"/>
  <system-out>
    <![CDATA[login testcase]]>
  </system-out>
  <testcase classname="flag.Innovationflag" name="method" time="0.000"/>
  <system-out>
    <![CDATA[login testcase]]>
  </system-out>
  <testcase classname="flag.Innovationflag" name="method" time="0.001"/>
  <system-out>
    <![CDATA[login testcase]]>
  </system-out>
  <testcase classname="flag.Innovationflag" name="method" time="0.001"/>
  <system-out>
    <![CDATA[login testcase]]>
  </system-out>
  <testcase classname="flag.Innovationflag" name="method" time="0.000"/>
  <system-out>
    <![CDATA[login testcase]]>
  </system-out>
  <testcase classname="flag.Innovationflag" name="method" time="0.002"/>
  <system-out>
    <![CDATA[login testcase]]>
  </system-out>
  <testcase classname="flag.Innovationflag" name="method" time="0.001"/>
  <system-out>
    <![CDATA[login testcase]]>
  </system-out>
  <testcase classname="flag.Innovationflag" name="method" time="0.001"/>
  <system-out>
    <![CDATA[login testcase]]>
  </system-out>
  <testcase classname="flag.Innovationflag" name="method" time="0.001"/>
  <system-out>
    <![CDATA[login testcase]]>
  </system-out>
  <testcase classname="flag.Innovationflag" name="method" time="0.001"/>
  <system-out>
    <![CDATA[login testcase]]>
  </system-out>
  <testcase classname="flag.Innovationflag" name="method" time="0.001"/>
  <system-out>
    <![CDATA[login testcase]]>
  </system-out>
  <testcase classname="flag.Innovationflag" name="method" time="0.000"/>
  <system-out>
    <![CDATA[login testcase]]>
  </system-out>
  <testcase classname="flag.Innovationflag" name="method" time="0.001"/>
  <system-out>
    <![CDATA[login testcase]]>
  </system-out>
  <testcase classname="flag.Innovationflag" name="method" time="0.000"/>
  <system-out>
    <![CDATA[login testcase]]>
  </system-out>
  <testcase classname="flag.Innovationflag" name="method" time="0.001"/>
  <system-out>
    <![CDATA[login testcase]]>
  </system-out>
  <testcase classname="flag.Innovationflag" name="method" time="0.000"/>
  <system-out>
    <![CDATA[login testcase]]>
  </system-out>
  <testcase classname="flag.Innovationflag" name="method" time="0.019"/>
  <system-out>
    <![CDATA[login testcase]]>
  </system-out>
  <testcase classname="flag.Innovationflag" name="method" time="0.000"/>
  <system-out>
    <![CDATA[login testcase]]>
  </system-out>
  <testcase classname="flag.Innovationflag" name="method" time="0.001"/>
  <system-out>
    <![CDATA[login testcase]]>
  </system-out>
  <testcase classname="flag.Innovationflag" name="method" time="0.000"/>
  <system-out>
    <![CDATA[login testcase]]>
  </system-out>
  <testcase classname="flag.Innovationflag" name="method" time="0.001"/>
  <system-out>
    <![CDATA[login testcase]]>
  </system-out>
  <testcase classname="flag.Innovationflag" name="method" time="0.000"/>
  <system-out>
    <![CDATA[login testcase]]>
  </system-out>
  <testcase classname="flag.Innovationflag" name="method" time="0.001"/>
  <system-out>
    <![CDATA[login testcase]]>
  </system-out>
  <testcase classname="flag.Innovationflag" name="method" time="0.000"/>
  <system-out>
    <![CDATA[login testcase]]>
  </system-out>
  <testcase classname="flag.Innovationflag" name="method" time="0.000"/>
  <system-out>
    <![CDATA[login testcase]]>
  </system-out>
  <testcase classname="flag.Innovationflag" name="method" time="0.000"/>
  <system-out>
    <![CDATA[login testcase]]>
  </system-out>
  <testcase classname="flag.Innovationflag" name="method" time="0.004"/>
  <system-out>
    <![CDATA[login testcase]]>
  </system-out>
  <testcase classname="flag.Innovationflag" name="method" time="0.001"/>
  <system-out>
    <![CDATA[login testcase]]>
  </system-out>
  <testcase classname="flag.Innovationflag" name="method" time="0.001"/>
  <system-out>
    <![CDATA[login testcase]]>
  </system-out>
  <testcase classname="flag.Innovationflag" name="method" time="0.000"/>
  <system-out>
    <![CDATA[login testcase]]>
  </system-out>
  <testcase classname="flag.Innovationflag" name="method" time="0.001"/>
  <system-out>
    <![CDATA[login testcase]]>
  </system-out>
  <testcase classname="flag.Innovationflag" name="method" time="0.001"/>
  <system-out>
    <![CDATA[login testcase]]>
  </system-out>
  <testcase classname="flag.Innovationflag" name="method" time="0.000"/>
  <system-out>
    <![CDATA[login testcase]]>
  </system-out>
  <testcase classname="flag.Innovationflag" name="method" time="0.001"/>
  <system-out>
    <![CDATA[login testcase]]>
  </system-out>
  <testcase classname="flag.Innovationflag" name="method" time="0.001"/>
  <system-out>
    <![CDATA[login testcase]]>
  </system-out>
  <testcase classname="flag.Innovationflag" name="method" time="0.001"/>
  <system-out>
    <![CDATA[login testcase]]>
  </system-out>
  <testcase classname="flag.Innovationflag" name="method" time="0.001"/>
  <system-out>
    <![CDATA[login testcase]]>
  </system-out>
  <testcase classname="flag.Innovationflag" name="method" time="0.001"/>
  <system-out>
    <![CDATA[login testcase]]>
  </system-out>
  <testcase classname="flag.Innovationflag" name="method" time="0.001"/>
  <system-out>
    <![CDATA[login testcase]]>
  </system-out>
  <testcase classname="flag.Innovationflag" name="method" time="0.005"/>
  <system-out>
    <![CDATA[login testcase]]>
  </system-out>
  <testcase classname="flag.Innovationflag" name="method" time="0.001"/>
  <system-out>
    <![CDATA[login testcase]]>
  </system-out>
  <testcase classname="flag.Innovationflag" name="method" time="0.001"/>
  <system-out>
    <![CDATA[login testcase]]>
  </system-out>
  <testcase classname="flag.Innovationflag" name="method" time="0.001"/>
  <system-out>
    <![CDATA[login testcase]]>
  </system-out>
  <testcase classname="flag.Innovationflag" name="method" time="0.001"/>
  <system-out>
    <![CDATA[login testcase]]>
  </system-out>
  <testcase classname="flag.Innovationflag" name="method" time="0.033"/>
  <system-out>
    <![CDATA[login testcase]]>
  </system-out>
  <testcase classname="flag.Innovationflag" name="method" time="0.001"/>
  <system-out>
    <![CDATA[login testcase]]>
  </system-out>
  <testcase classname="flag.Innovationflag" name="method" time="0.001"/>
  <system-out>
    <![CDATA[login testcase]]>
  </system-out>
  <testcase classname="flag.Innovationflag" name="method" time="0.001"/>
  <system-out>
    <![CDATA[login testcase]]>
  </system-out>
  <testcase classname="flag.Innovationflag" name="method" time="0.000"/>
  <system-out>
    <![CDATA[login testcase]]>
  </system-out>
  <testcase classname="flag.Innovationflag" name="method" time="0.001"/>
  <system-out>
    <![CDATA[login testcase]]>
  </system-out>
  <testcase classname="flag.Innovationflag" name="method" time="0.002"/>
  <system-out>
    <![CDATA[login testcase]]>
  </system-out>
  <testcase classname="flag.Innovationflag" name="method" time="0.000"/>
  <system-out>
    <![CDATA[login testcase]]>
  </system-out>
  <testcase classname="flag.Innovationflag" name="method" time="0.000"/>
  <system-out>
    <![CDATA[login testcase]]>
  </system-out>
  <testcase classname="flag.Innovationflag" name="method" time="0.001"/>
  <system-out>
    <![CDATA[login testcase]]>
  </system-out>
  <testcase classname="flag.Innovationflag" name="method" time="0.001"/>
  <system-out>
    <![CDATA[login testcase]]>
  </system-out>
  <testcase classname="flag.Innovationflag" name="method" time="0.000"/>
  <system-out>
    <![CDATA[login testcase]]>
  </system-out>
  <testcase classname="flag.Innovationflag" name="method" time="0.000"/>
  <system-out>
    <![CDATA[login testcase]]>
  </system-out>
  <testcase classname="flag.Innovationflag" name="method" time="0.000"/>
  <system-out>
    <![CDATA[login testcase]]>
  </system-out>
  <testcase classname="flag.Innovationflag" name="method" time="0.000"/>
  <system-out>
    <![CDATA[login testcase]]>
  </system-out>
  <testcase classname="flag.Innovationflag" name="method" time="0.005"/>
  <system-out>
    <![CDATA[login testcase]]>
  </system-out>
  <testcase classname="flag.Innovationflag" name="method" time="0.001"/>
  <system-out>
    <![CDATA[login testcase]]>
  </system-out>
  <testcase classname="flag.Innovationflag" name="method" time="0.001"/>
  <system-out>
    <![CDATA[login testcase]]>
  </system-out>
  <testcase classname="flag.Innovationflag" name="method" time="0.001"/>
  <system-out>
    <![CDATA[login testcase]]>
  </system-out>
  <testcase classname="flag.Innovationflag" name="method" time="0.002"/>
  <system-out>
    <![CDATA[login testcase]]>
  </system-out>
  <testcase classname="flag.Innovationflag" name="method" time="0.001"/>
  <system-out>
    <![CDATA[login testcase]]>
  </system-out>
  <testcase classname="flag.Innovationflag" name="method" time="0.000"/>
  <system-out>
    <![CDATA[login testcase]]>
  </system-out>
  <testcase classname="flag.Innovationflag" name="method" time="0.000"/>
  <system-out>
    <![CDATA[login testcase]]>
  </system-out>
  <testcase classname="flag.Innovationflag" name="method" time="0.001"/>
  <system-out>
    <![CDATA[login testcase]]>
  </system-out>
  <testcase classname="flag.Innovationflag" name="method" time="0.002"/>
  <system-out>
    <![CDATA[login testcase]]>
  </system-out>
  <testcase classname="flag.Innovationflag" name="method" time="0.001"/>
  <system-out>
    <![CDATA[login testcase]]>
  </system-out>
  <testcase classname="flag.Innovationflag" name="method" time="0.000"/>
  <system-out>
    <![CDATA[login testcase]]>
  </system-out>
  <testcase classname="flag.Innovationflag" name="method" time="0.000"/>
  <system-out>
    <![CDATA[login testcase]]>
  </system-out>
  <testcase classname="flag.Innovationflag" name="method" time="0.000"/>
  <system-out>
    <![CDATA[login testcase]]>
  </system-out>
  <testcase classname="flag.Innovationflag" name="method" time="0.003"/>
  <system-out>
    <![CDATA[login testcase]]>
  </system-out>
  <testcase classname="flag.Innovationflag" name="method" time="0.001"/>
  <system-out>
    <![CDATA[login testcase]]>
  </system-out>
  <testcase classname="flag.Innovationflag" name="method" time="0.001"/>
  <system-out>
    <![CDATA[login testcase]]>
  </system-out>
  <testcase classname="flag.Innovationflag" name="method" time="0.001"/>
  <system-out>
    <![CDATA[login testcase]]>
  </system-out>
  <testcase classname="flag.Innovationflag" name="method" time="0.001"/>
  <system-out>
    <![CDATA[login testcase]]>
  </system-out>
  <testcase classname="flag.Innovationflag" name="method" time="0.001"/>
  <system-out>
    <![CDATA[login testcase]]>
  </system-out>
  <testcase classname="flag.Innovationflag" name="method" time="0.000"/>
  <system-out>
    <![CDATA[login testcase]]>
  </system-out>
  <testcase classname="flag.Innovationflag" name="method" time="0.000"/>
  <system-out>
    <![CDATA[login testcase]]>
  </system-out>
  <testcase classname="flag.Innovationflag" name="method" time="0.003"/>
  <system-out>
    <![CDATA[login testcase]]>
  </system-out>
  <testcase classname="flag.Innovationflag" name="method" time="0.000"/>
  <system-out>
    <![CDATA[login testcase]]>
  </system-out>
  <testcase classname="flag.Innovationflag" name="method" time="0.002"/>
  <system-out>
    <![CDATA[login testcase]]>
  </system-out>
  <testcase classname="flag.Innovationflag" name="method" time="0.001"/>
  <system-out>
    <![CDATA[login testcase]]>
  </system-out>
  <testcase classname="flag.Innovationflag" name="method" time="0.001"/>
  <system-out>
    <![CDATA[login testcase]]>
  </system-out>
  <testcase classname="flag.Innovationflag" name="method" time="0.001"/>
  <system-out>
    <![CDATA[login testcase]]>
  </system-out>
  <testcase classname="flag.Innovationflag" name="method" time="0.001"/>
  <system-out>
    <![CDATA[login testcase]]>
  </system-out>
  <testcase classname="flag.Innovationflag" name="method" time="0.001"/>
  <system-out>
    <![CDATA[login testcase]]>
  </system-out>
  <testcase classname="flag.Innovationflag" name="method" time="0.001"/>
  <system-out>
    <![CDATA[login testcase]]>
  </system-out>
  <testcase classname="flag.Innovationflag" name="method" time="0.001"/>
  <system-out>
    <![CDATA[login testcase]]>
  </system-out>
  <testcase classname="flag.Innovationflag" name="method" time="0.000"/>
  <system-out>
    <![CDATA[login testcase]]>
  </system-out>
  <testcase classname="flag.Innovationflag" name="method" time="0.000"/>
  <system-out>
    <![CDATA[login testcase]]>
  </system-out>
  <testcase classname="flag.Innovationflag" name="method" time="0.000"/>
  <system-out>
    <![CDATA[login testcase]]>
  </system-out>
  <testcase classname="flag.Innovationflag" name="method" time="0.001"/>
  <system-out>
    <![CDATA[login testcase]]>
  </system-out>
  <testcase classname="flag.Innovationflag" name="method" time="0.001"/>
  <system-out>
    <![CDATA[login testcase]]>
  </system-out>
  <testcase classname="flag.Innovationflag" name="method" time="0.000"/>
  <system-out>
    <![CDATA[login testcase]]>
  </system-out>
  <testcase classname="flag.Innovationflag" name="method" time="0.000"/>
  <system-out>
    <![CDATA[login testcase]]>
  </system-out>
  <testcase classname="flag.Innovationflag" name="method" time="0.001"/>
  <system-out>
    <![CDATA[login testcase]]>
  </system-out>
  <testcase classname="flag.Innovationflag" name="method" time="0.000"/>
  <system-out>
    <![CDATA[login testcase]]>
  </system-out>
  <testcase classname="flag.Innovationflag" name="method" time="0.001"/>
  <system-out>
    <![CDATA[login testcase]]>
  </system-out>
  <testcase classname="flag.Innovationflag" name="method" time="0.002"/>
  <system-out>
    <![CDATA[login testcase]]>
  </system-out>
  <testcase classname="flag.Innovationflag" name="method" time="0.000"/>
  <system-out>
    <![CDATA[login testcase]]>
  </system-out>
  <testcase classname="flag.Innovationflag" name="method" time="0.001"/>
  <system-out>
    <![CDATA[login testcase]]>
  </system-out>
  <testcase classname="flag.Innovationflag" name="method" time="0.001"/>
  <system-out>
    <![CDATA[login testcase]]>
  </system-out>
  <testcase classname="flag.Innovationflag" name="method" time="0.001"/>
  <system-out>
    <![CDATA[login testcase]]>
  </system-out>
  <testcase classname="flag.Innovationflag" name="method" time="0.000"/>
  <system-out>
    <![CDATA[login testcase]]>
  </system-out>
  <testcase classname="flag.Innovationflag" name="method" time="0.001"/>
  <system-out>
    <![CDATA[login testcase]]>
  </system-out>
  <testcase classname="flag.Innovationflag" name="method" time="0.000"/>
  <system-out>
    <![CDATA[login testcase]]>
  </system-out>
  <testcase classname="flag.Innovationflag" name="method" time="0.001"/>
  <system-out>
    <![CDATA[login testcase]]>
  </system-out>
  <testcase classname="flag.Innovationflag" name="method" time="0.006"/>
  <system-out>
    <![CDATA[login testcase]]>
  </system-out>
  <testcase classname="flag.Innovationflag" name="method" time="0.001"/>
  <system-out>
    <![CDATA[login testcase]]>
  </system-out>
  <testcase classname="flag.Innovationflag" name="method" time="0.000"/>
  <system-out>
    <![CDATA[login testcase]]>
  </system-out>
  <testcase classname="flag.Innovationflag" name="method" time="0.000"/>
  <system-out>
    <![CDATA[login testcase]]>
  </system-out>
  <testcase classname="flag.Innovationflag" name="method" time="0.008"/>
  <system-out>
    <![CDATA[login testcase]]>
  </system-out>
  <testcase classname="flag.Innovationflag" name="method" time="0.001"/>
  <system-out>
    <![CDATA[login testcase]]>
  </system-out>
  <testcase classname="flag.Innovationflag" name="method" time="0.001"/>
  <system-out>
    <![CDATA[login testcase]]>
  </system-out>
  <testcase classname="flag.Innovationflag" name="method" time="0.000"/>
  <system-out>
    <![CDATA[login testcase]]>
  </system-out>
  <testcase classname="flag.Innovationflag" name="method" time="0.001"/>
  <system-out>
    <![CDATA[login testcase]]>
  </system-out>
  <testcase classname="flag.Innovationflag" name="method" time="0.003"/>
  <system-out>
    <![CDATA[login testcase]]>
  </system-out>
  <testcase classname="flag.Innovationflag" name="method" time="0.001"/>
  <system-out>
    <![CDATA[login testcase]]>
  </system-out>
  <testcase classname="flag.Innovationflag" name="method" time="0.000"/>
  <system-out>
    <![CDATA[login testcase]]>
  </system-out>
  <testcase classname="flag.Innovationflag" name="method" time="0.001"/>
  <system-out>
    <![CDATA[login testcase]]>
  </system-out>
  <testcase classname="flag.Innovationflag" name="method" time="0.000"/>
  <system-out>
    <![CDATA[login testcase]]>
  </system-out>
  <testcase classname="flag.Innovationflag" name="method" time="0.000"/>
  <system-out>
    <![CDATA[login testcase]]>
  </system-out>
  <testcase classname="flag.Innovationflag" name="method" time="0.000"/>
  <system-out>
    <![CDATA[login testcase]]>
  </system-out>
  <testcase classname="flag.Innovationflag" name="method" time="0.000"/>
  <system-out>
    <![CDATA[login testcase]]>
  </system-out>
  <testcase classname="flag.Innovationflag" name="method" time="0.001"/>
  <system-out>
    <![CDATA[login testcase]]>
  </system-out>
  <testcase classname="flag.Innovationflag" name="method" time="0.002"/>
  <system-out>
    <![CDATA[login testcase]]>
  </system-out>
  <testcase classname="flag.Innovationflag" name="method" time="0.000"/>
  <system-out>
    <![CDATA[login testcase]]>
  </system-out>
  <testcase classname="flag.Innovationflag" name="method" time="0.001"/>
  <system-out>
    <![CDATA[login testcase]]>
  </system-out>
  <testcase classname="flag.Innovationflag" name="method" time="0.000"/>
  <system-out>
    <![CDATA[login testcase]]>
  </system-out>
  <testcase classname="flag.Innovationflag" name="method" time="0.001"/>
  <system-out>
    <![CDATA[login testcase]]>
  </system-out>
  <testcase classname="flag.Innovationflag" name="method" time="0.001"/>
  <system-out>
    <![CDATA[login testcase]]>
  </system-out>
  <testcase classname="flag.Innovationflag" name="method" time="0.000"/>
  <system-out>
    <![CDATA[login testcase]]>
  </system-out>
  <testcase classname="flag.Innovationflag" name="method" time="0.001"/>
  <system-out>
    <![CDATA[login testcase]]>
  </system-out>
  <testcase classname="flag.Innovationflag" name="method" time="0.004"/>
  <system-out>
    <![CDATA[login testcase]]>
  </system-out>
  <testcase classname="flag.Innovationflag" name="method" time="0.002"/>
  <system-out>
    <![CDATA[login testcase]]>
  </system-out>
  <testcase classname="flag.Innovationflag" name="method" time="0.001"/>
  <system-out>
    <![CDATA[login testcase]]>
  </system-out>
  <testcase classname="flag.Innovationflag" name="method" time="0.000"/>
  <system-out>
    <![CDATA[login testcase]]>
  </system-out>
  <testcase classname="flag.Innovationflag" name="method" time="0.001"/>
  <system-out>
    <![CDATA[login testcase]]>
  </system-out>
  <testcase classname="flag.Innovationflag" name="method" time="0.012"/>
  <system-out>
    <![CDATA[login testcase]]>
  </system-out>
  <testcase classname="flag.Innovationflag" name="method" time="0.001"/>
  <system-out>
    <![CDATA[login testcase]]>
  </system-out>
  <testcase classname="flag.Innovationflag" name="method" time="0.000"/>
  <system-out>
    <![CDATA[login testcase]]>
  </system-out>
  <testcase classname="flag.Innovationflag" name="method" time="0.003"/>
  <system-out>
    <![CDATA[login testcase]]>
  </system-out>
  <testcase classname="flag.Innovationflag" name="method" time="0.001"/>
  <system-out>
    <![CDATA[login testcase]]>
  </system-out>
  <testcase classname="flag.Innovationflag" name="method" time="0.001"/>
  <system-out>
    <![CDATA[login testcase]]>
  </system-out>
  <testcase classname="flag.Innovationflag" name="method" time="0.001"/>
  <system-out>
    <![CDATA[login testcase]]>
  </system-out>
  <testcase classname="flag.Innovationflag" name="method" time="0.000"/>
  <system-out>
    <![CDATA[login testcase]]>
  </system-out>
  <testcase classname="flag.Innovationflag" name="method" time="0.001"/>
  <system-out>
    <![CDATA[login testcase]]>
  </system-out>
  <testcase classname="flag.Innovationflag" name="method" time="0.002"/>
  <system-out>
    <![CDATA[login testcase]]>
  </system-out>
  <testcase classname="flag.Innovationflag" name="method" time="0.003"/>
  <system-out>
    <![CDATA[login testcase]]>
  </system-out>
  <testcase classname="flag.Innovationflag" name="method" time="0.001"/>
  <system-out>
    <![CDATA[login testcase]]>
  </system-out>
  <testcase classname="flag.Innovationflag" name="method" time="0.000"/>
  <system-out>
    <![CDATA[login testcase]]>
  </system-out>
  <testcase classname="flag.Innovationflag" name="method" time="0.000"/>
  <system-out>
    <![CDATA[login testcase]]>
  </system-out>
  <testcase classname="flag.Innovationflag" name="method" time="0.000"/>
  <system-out>
    <![CDATA[login testcase]]>
  </system-out>
  <testcase classname="flag.Innovationflag" name="method" time="0.001"/>
  <system-out>
    <![CDATA[login testcase]]>
  </system-out>
  <testcase classname="flag.Innovationflag" name="method" time="0.001"/>
  <system-out>
    <![CDATA[login testcase]]>
  </system-out>
  <testcase classname="flag.Innovationflag" name="method" time="0.000"/>
  <system-out>
    <![CDATA[login testcase]]>
  </system-out>
  <testcase classname="flag.Innovationflag" name="method" time="0.001"/>
  <system-out>
    <![CDATA[login testcase]]>
  </system-out>
  <testcase classname="flag.Innovationflag" name="method" time="0.001"/>
  <system-out>
    <![CDATA[login testcase]]>
  </system-out>
  <testcase classname="flag.Innovationflag" name="method" time="0.001"/>
  <system-out>
    <![CDATA[login testcase]]>
  </system-out>
  <testcase classname="flag.Innovationflag" name="method" time="0.002"/>
  <system-out>
    <![CDATA[login testcase]]>
  </system-out>
  <testcase classname="flag.Innovationflag" name="method" time="0.004"/>
  <system-out>
    <![CDATA[login testcase]]>
  </system-out>
  <testcase classname="flag.Innovationflag" name="method" time="0.000"/>
  <system-out>
    <![CDATA[login testcase]]>
  </system-out>
  <testcase classname="flag.Innovationflag" name="method" time="0.000"/>
  <system-out>
    <![CDATA[login testcase]]>
  </system-out>
  <testcase classname="flag.Innovationflag" name="method" time="0.001"/>
  <system-out>
    <![CDATA[login testcase]]>
  </system-out>
  <testcase classname="flag.Innovationflag" name="method" time="0.000"/>
  <system-out>
    <![CDATA[login testcase]]>
  </system-out>
  <testcase classname="flag.Innovationflag" name="method" time="0.002"/>
  <system-out>
    <![CDATA[login testcase]]>
  </system-out>
  <testcase classname="flag.Innovationflag" name="method" time="0.001"/>
  <system-out>
    <![CDATA[login testcase]]>
  </system-out>
  <testcase classname="flag.Innovationflag" name="method" time="0.001"/>
  <system-out>
    <![CDATA[login testcase]]>
  </system-out>
  <testcase classname="flag.Innovationflag" name="method" time="0.000"/>
  <system-out>
    <![CDATA[login testcase]]>
  </system-out>
  <testcase classname="flag.Innovationflag" name="method" time="0.005"/>
  <system-out>
    <![CDATA[login testcase]]>
  </system-out>
  <testcase classname="flag.Innovationflag" name="method" time="0.001"/>
  <system-out>
    <![CDATA[login testcase]]>
  </system-out>
  <testcase classname="flag.Innovationflag" name="method" time="0.000"/>
  <system-out>
    <![CDATA[login testcase]]>
  </system-out>
  <testcase classname="flag.Innovationflag" name="method" time="0.001"/>
  <system-out>
    <![CDATA[login testcase]]>
  </system-out>
  <testcase classname="flag.Innovationflag" name="method" time="0.001"/>
  <system-out>
    <![CDATA[login testcase]]>
  </system-out>
  <testcase classname="flag.Innovationflag" name="method" time="0.002"/>
  <system-out>
    <![CDATA[login testcase]]>
  </system-out>
  <testcase classname="flag.Innovationflag" name="method" time="0.000"/>
  <system-out>
    <![CDATA[login testcase]]>
  </system-out>
  <testcase classname="flag.Innovationflag" name="method" time="0.000"/>
  <system-out>
    <![CDATA[login testcase]]>
  </system-out>
  <testcase classname="flag.Innovationflag" name="method" time="0.000"/>
  <system-out>
    <![CDATA[login testcase]]>
  </system-out>
  <testcase classname="flag.Innovationflag" name="method" time="0.003"/>
  <system-out>
    <![CDATA[login testcase]]>
  </system-out>
  <testcase classname="flag.Innovationflag" name="method" time="0.000"/>
  <system-out>
    <![CDATA[login testcase]]>
  </system-out>
  <testcase classname="flag.Innovationflag" name="method" time="0.001"/>
  <system-out>
    <![CDATA[login testcase]]>
  </system-out>
  <testcase classname="flag.Innovationflag" name="method" time="0.007"/>
  <system-out>
    <![CDATA[login testcase]]>
  </system-out>
  <testcase classname="flag.Innovationflag" name="method" time="0.000"/>
  <system-out>
    <![CDATA[login testcase]]>
  </system-out>
  <testcase classname="flag.Innovationflag" name="method" time="0.001"/>
  <system-out>
    <![CDATA[login testcase]]>
  </system-out>
  <testcase classname="flag.Innovationflag" name="method" time="0.000"/>
  <system-out>
    <![CDATA[login testcase]]>
  </system-out>
  <testcase classname="flag.Innovationflag" name="method" time="0.000"/>
  <system-out>
    <![CDATA[login testcase]]>
  </system-out>
  <testcase classname="flag.Innovationflag" name="method" time="0.001"/>
  <system-out>
    <![CDATA[login testcase]]>
  </system-out>
  <testcase classname="flag.Innovationflag" name="method" time="0.001"/>
  <system-out>
    <![CDATA[login testcase]]>
  </system-out>
  <testcase classname="flag.Innovationflag" name="method" time="0.001"/>
  <system-out>
    <![CDATA[login testcase]]>
  </system-out>
  <testcase classname="flag.Innovationflag" name="method" time="0.001"/>
  <system-out>
    <![CDATA[login testcase]]>
  </system-out>
  <testcase classname="flag.Innovationflag" name="method" time="0.000"/>
  <system-out>
    <![CDATA[login testcase]]>
  </system-out>
  <testcase classname="flag.Innovationflag" name="method" time="0.001"/>
  <system-out>
    <![CDATA[login testcase]]>
  </system-out>
  <testcase classname="flag.Innovationflag" name="method" time="0.001"/>
  <system-out>
    <![CDATA[login testcase]]>
  </system-out>
  <testcase classname="flag.Innovationflag" name="method" time="0.000"/>
  <system-out>
    <![CDATA[login testcase]]>
  </system-out>
  <testcase classname="flag.Innovationflag" name="method" time="0.001"/>
  <system-out>
    <![CDATA[login testcase]]>
  </system-out>
  <testcase classname="flag.Innovationflag" name="method" time="0.000"/>
  <system-out>
    <![CDATA[login testcase]]>
  </system-out>
  <testcase classname="flag.Innovationflag" name="method" time="0.001"/>
  <system-out>
    <![CDATA[login testcase]]>
  </system-out>
  <testcase classname="flag.Innovationflag" name="method" time="0.001"/>
  <system-out>
    <![CDATA[login testcase]]>
  </system-out>
  <testcase classname="flag.Innovationflag" name="method" time="0.005"/>
  <system-out>
    <![CDATA[login testcase]]>
  </system-out>
  <testcase classname="flag.Innovationflag" name="method" time="0.000"/>
  <system-out>
    <![CDATA[login testcase]]>
  </system-out>
  <testcase classname="flag.Innovationflag" name="method" time="0.000"/>
  <system-out>
    <![CDATA[login testcase]]>
  </system-out>
  <testcase classname="flag.Innovationflag" name="method" time="0.000"/>
  <system-out>
    <![CDATA[login testcase]]>
  </system-out>
  <testcase classname="flag.Innovationflag" name="method" time="0.002"/>
  <system-out>
    <![CDATA[login testcase]]>
  </system-out>
  <testcase classname="flag.Innovationflag" name="method" time="0.001"/>
  <system-out>
    <![CDATA[login testcase]]>
  </system-out>
  <testcase classname="flag.Innovationflag" name="method" time="0.007"/>
  <system-out>
    <![CDATA[login testcase]]>
  </system-out>
  <testcase classname="flag.Innovationflag" name="method" time="0.000"/>
  <system-out>
    <![CDATA[login testcase]]>
  </system-out>
  <testcase classname="flag.Innovationflag" name="method" time="0.001"/>
  <system-out>
    <![CDATA[login testcase]]>
  </system-out>
  <testcase classname="flag.Innovationflag" name="method" time="0.001"/>
  <system-out>
    <![CDATA[login testcase]]>
  </system-out>
  <testcase classname="flag.Innovationflag" name="method" time="0.001"/>
  <system-out>
    <![CDATA[login testcase]]>
  </system-out>
  <testcase classname="flag.Innovationflag" name="method" time="0.002"/>
  <system-out>
    <![CDATA[login testcase]]>
  </system-out>
  <testcase classname="flag.Innovationflag" name="method" time="0.000"/>
  <system-out>
    <![CDATA[login testcase]]>
  </system-out>
  <testcase classname="flag.Innovationflag" name="method" time="0.000"/>
[...]
  <system-out>
    <![CDATA[login testcase]]>
  </system-out>
  <testcase classname="flag.Innovationflag" name="method" time="0.007"/>
  <system-out>
    <![CDATA[login testcase]]>
  </system-out>
  <testcase classname="flag.Innovationflag" name="method" time="0.001"/>
  <system-out>
    <![CDATA[login testcase]]>
  </system-out>
  <testcase classname="flag.Innovationflag" name="method" time="0.000"/>
  <system-out>
    <![CDATA[login testcase]]>
  </system-out>
  <testcase classname="flag.Innovationflag" name="method" time="0.002"/>
  <system-out>
    <![CDATA[login testcase]]>
  </system-out>
  <testcase classname="flag.Innovationflag" name="method" time="0.000"/>
  <system-out>
    <![CDATA[login testcase]]>
  </system-out>
  <testcase classname="flag.Innovationflag" name="method" time="0.000"/>
  <system-out>
    <![CDATA[login testcase]]>
  </system-out>
  <testcase classname="flag.Innovationflag" name="method" time="0.000"/>
  <system-out>
    <![CDATA[login testcase]]>
  </system-out>
  <testcase classname="flag.Innovationflag" name="method" time="0.001"/>
  <system-out>
    <![CDATA[login testcase]]>
  </system-out>
  <testcase classname="flag.Innovationflag" name="method" time="0.001"/>
  <system-out>
    <![CDATA[login testcase]]>
  </system-out>
  <testcase classname="flag.Innovationflag" name="method" time="0.000"/>
  <system-out>
    <![CDATA[login testcase]]>
  </system-out>
  <testcase classname="flag.Innovationflag" name="method" time="0.001"/>
  <system-out>
    <![CDATA[login testcase]]>
  </system-out>
  <testcase classname="flag.Innovationflag" name="method" time="0.001"/>
  <system-out>
    <![CDATA[login testcase]]>
  </system-out>
  <testcase classname="flag.Innovationflag" name="method" time="0.001"/>
  <system-out>
    <![CDATA[login testcase]]>
  </system-out>
  <testcase classname="flag.Innovationflag" name="method" time="0.001"/>
  <system-out>
    <![CDATA[login testcase]]>
  </system-out>
  <testcase classname="flag.Innovationflag" name="method" time="0.001"/>
  <system-out>
    <![CDATA[login testcase]]>
  </system-out>
  <testcase classname="flag.Innovationflag" name="method" time="0.002"/>
  <system-out>
    <![CDATA[login testcase]]>
  </system-out>
  <testcase classname="flag.Innovationflag" name="method" time="0.005"/>
  <system-out>
    <![CDATA[login testcase]]>
  </system-out>
  <testcase classname="flag.Innovationflag" name="method" time="0.000"/>
  <system-out>
    <![CDATA[login testcase]]>
  </system-out>
  <testcase classname="flag.Innovationflag" name="method" time="0.019"/>
  <system-out>
    <![CDATA[login testcase]]>
  </system-out>
  <testcase classname="flag.Innovationflag" name="method" time="0.005"/>
  <system-out>
    <![CDATA[login testcase]]>
  </system-out>
  <testcase classname="flag.Innovationflag" name="method" time="0.000"/>
  <system-out>
    <![CDATA[login testcase]]>
  </system-out>
  <testcase classname="flag.Innovationflag" name="method" time="0.001"/>
  <system-out>
    <![CDATA[login testcase]]>
  </system-out>
  <testcase classname="flag.Innovationflag" name="method" time="0.001"/>
  <system-out>
    <![CDATA[login testcase]]>
  </system-out>
  <testcase classname="flag.Innovationflag" name="method" time="0.000"/>
  <system-out>
    <![CDATA[login testcase]]>
  </system-out>
  <testcase classname="flag.Innovationflag" name="method" time="0.000"/>
  <system-out>
    <![CDATA[login testcase]]>
  </system-out>
  <testcase classname="flag.Innovationflag" name="method" time="0.004"/>
  <system-out>
    <![CDATA[login testcase]]>
  </system-out>
  <testcase classname="flag.Innovationflag" name="method" time="0.000"/>
  <system-out>
    <![CDATA[login testcase]]>
  </system-out>
  <testcase classname="flag.Innovationflag" name="method" time="0.001"/>
  <system-out>
    <![CDATA[login testcase]]>
  </system-out>
  <testcase classname="flag.Innovationflag" name="method" time="0.000"/>
  <system-out>
    <![CDATA[login testcase]]>
  </system-out>
  <testcase classname="flag.Innovationflag" name="method" time="0.000"/>
  <system-out>
    <![CDATA[login testcase]]>
  </system-out>
  <testcase classname="flag.Innovationflag" name="method" time="0.001"/>
  <system-out>
    <![CDATA[login testcase]]>
  </system-out>
  <testcase classname="flag.Innovationflag" name="method" time="0.001"/>
  <system-out>
    <![CDATA[login testcase]]>
  </system-out>
  <testcase classname="flag.Innovationflag" name="method" time="0.000"/>
  <system-out>
    <![CDATA[login testcase]]>
  </system-out>
  <testcase classname="flag.Innovationflag" name="method" time="0.001"/>
  <system-out>
    <![CDATA[login testcase]]>
  </system-out>
  <testcase classname="flag.Innovationflag" name="method" time="0.000"/>
  <system-out>
    <![CDATA[login testcase]]>
  </system-out>
  <testcase classname="flag.Innovationflag" name="method" time="0.006"/>
  <system-out>
    <![CDATA[login testcase]]>
  </system-out>
  <testcase classname="flag.Innovationflag" name="method" time="0.002"/>
  <system-out>
    <![CDATA[login testcase]]>
  </system-out>
  <testcase classname="flag.Innovationflag" name="method" time="0.001"/>
  <system-out>
    <![CDATA[login testcase]]>
  </system-out>
  <testcase classname="flag.Innovationflag" name="method" time="0.001"/>
  <system-out>
    <![CDATA[login testcase]]>
  </system-out>
  <testcase classname="flag.Innovationflag" name="method" time="0.000"/>
  <system-out>
    <![CDATA[login testcase]]>
  </system-out>
  <testcase classname="flag.Innovationflag" name="method" time="0.008"/>
  <system-out>
    <![CDATA[login testcase]]>
  </system-out>
  <testcase classname="flag.Innovationflag" name="method" time="0.015"/>
  <system-out>
    <![CDATA[login testcase]]>
  </system-out>
  <testcase classname="flag.Innovationflag" name="method" time="0.001"/>
  <system-out>
    <![CDATA[login testcase]]>
  </system-out>
  <testcase classname="flag.Innovationflag" name="method" time="0.000"/>
  <system-out>
    <![CDATA[login testcase]]>
  </system-out>
  <testcase classname="flag.Innovationflag" name="method" time="0.000"/>
  <system-out>
    <![CDATA[login testcase]]>
  </system-out>
  <testcase classname="flag.Innovationflag" name="method" time="0.001"/>
  <system-out>
    <![CDATA[login testcase]]>
  </system-out>
  <testcase classname="flag.Innovationflag" name="method" time="0.000"/>
  <system-out>
    <![CDATA[login testcase]]>
  </system-out>
  <testcase classname="flag.Innovationflag" name="method" time="0.004"/>
  <system-out>
    <![CDATA[login testcase]]>
  </system-out>
  <testcase classname="flag.Innovationflag" name="method" time="0.001"/>
  <system-out>
    <![CDATA[login testcase]]>
  </system-out>
  <testcase classname="flag.Innovationflag" name="method" time="0.001"/>
  <system-out>
    <![CDATA[login testcase]]>
  </system-out>
  <testcase classname="flag.Innovationflag" name="method" time="0.000"/>
  <system-out>
    <![CDATA[login testcase]]>
  </system-out>
  <testcase classname="flag.Innovationflag" name="method" time="0.003"/>
  <system-out>
    <![CDATA[login testcase]]>
  </system-out>
  <testcase classname="flag.Innovationflag" name="method" time="0.001"/>
  <system-out>
    <![CDATA[login testcase]]>
  </system-out>
  <testcase classname="flag.Innovationflag" name="method" time="0.000"/>
  <system-out>
    <![CDATA[login testcase]]>
  </system-out>
  <testcase classname="flag.Innovationflag" name="method" time="0.000"/>
  <system-out>
    <![CDATA[login testcase]]>
  </system-out>
  <testcase classname="flag.Innovationflag" name="method" time="0.000"/>
  <system-out>
    <![CDATA[login testcase]]>
  </system-out>
  <testcase classname="flag.Innovationflag" name="method" time="0.001"/>
  <system-out>
    <![CDATA[login testcase]]>
  </system-out>
  <testcase classname="flag.Innovationflag" name="method" time="0.000"/>
  <system-out>
    <![CDATA[login testcase]]>
  </system-out>
  <testcase classname="flag.Innovationflag" name="method" time="0.000"/>
  <system-out>
    <![CDATA[login testcase]]>
  </system-out>
  <testcase classname="flag.Innovationflag" name="method" time="0.000"/>
  <system-out>
    <![CDATA[login testcase]]>
  </system-out>
  <testcase classname="flag.Innovationflag" name="method" time="0.001"/>
  <system-out>
    <![CDATA[login testcase]]>
  </system-out>
  <testcase classname="flag.Innovationflag" name="method" time="0.001"/>
  <system-out>
    <![CDATA[login testcase]]>
  </system-out>
  <testcase classname="flag.Innovationflag" name="method" time="0.002"/>
  <system-out>
    <![CDATA[login testcase]]>
  </system-out>
  <testcase classname="flag.Innovationflag" name="method" time="0.001"/>
  <system-out>
    <![CDATA[login testcase]]>
  </system-out>
  <testcase classname="flag.Innovationflag" name="method" time="0.000"/>
  <system-out>
    <![CDATA[login testcase]]>
  </system-out>
  <testcase classname="flag.Innovationflag" name="method" time="0.001"/>
  <system-out>
    <![CDATA[login testcase]]>
  </system-out>
  <testcase classname="flag.Innovationflag" name="method" time="0.001"/>
  <system-out>
    <![CDATA[login testcase]]>
  </system-out>
  <testcase classname="flag.Innovationflag" name="method" time="0.000"/>
  <system-out>
    <![CDATA[login testcase]]>
  </system-out>
  <testcase classname="flag.Innovationflag" name="method" time="0.001"/>
  <system-out>
    <![CDATA[login testcase]]>
  </system-out>
  <testcase classname="flag.Innovationflag" name="method" time="0.000"/>
  <system-out>
    <![CDATA[login testcase]]>
  </system-out>
  <testcase classname="flag.Innovationflag" name="method" time="0.001"/>
  <system-out>
    <![CDATA[login testcase]]>
  </system-out>
  <testcase classname="flag.Innovationflag" name="method" time="0.002"/>
  <system-out>
    <![CDATA[login testcase]]>
  </system-out>
  <testcase classname="flag.Innovationflag" name="method" time="0.000"/>
  <system-out>
    <![CDATA[login testcase]]>
  </system-out>
  <testcase classname="flag.Innovationflag" name="method" time="0.001"/>
  <system-out>
    <![CDATA[login testcase]]>
  </system-out>
  <testcase classname="flag.Innovationflag" name="method" time="0.001"/>
  <system-out>
    <![CDATA[login testcase]]>
  </system-out>
  <testcase classname="flag.Innovationflag" name="method" time="0.001"/>
  <system-out>
    <![CDATA[login testcase]]>
  </system-out>
  <testcase classname="flag.Innovationflag" name="method" time="0.005"/>
  <system-out>
    <![CDATA[login testcase]]>
  </system-out>
  <testcase classname="flag.Innovationflag" name="method" time="0.000"/>
  <system-out>
    <![CDATA[login testcase]]>
  </system-out>
  <testcase classname="flag.Innovationflag" name="method" time="0.001"/>
  <system-out>
    <![CDATA[login testcase]]>
  </system-out>
  <testcase classname="flag.Innovationflag" name="method" time="0.000"/>
  <system-out>
    <![CDATA[login testcase]]>
  </system-out>
  <testcase classname="flag.Innovationflag" name="method" time="0.000"/>
  <system-out>
    <![CDATA[login testcase]]>
  </system-out>
  <testcase classname="flag.Innovationflag" name="method" time="0.000"/>
  <system-out>
    <![CDATA[login testcase]]>
  </system-out>
  <testcase classname="flag.Innovationflag" name="method" time="0.001"/>
  <system-out>
    <![CDATA[login testcase]]>
  </system-out>
  <testcase classname="flag.Innovationflag" name="method" time="0.003"/>
  <system-out>
    <![CDATA[login testcase]]>
  </system-out>
  <testcase classname="flag.Innovationflag" name="method" time="0.001"/>
  <system-out>
    <![CDATA[login testcase]]>
  </system-out>
  <testcase classname="flag.Innovationflag" name="method" time="0.001"/>
  <system-out>
    <![CDATA[login testcase]]>
  </system-out>
  <testcase classname="flag.Innovationflag" name="method" time="0.001"/>
  <system-out>
    <![CDATA[login testcase]]>
  </system-out>
  <testcase classname="flag.Innovationflag" name="method" time="0.000"/>
  <system-out>
    <![CDATA[login testcase]]>
  </system-out>
  <testcase classname="flag.Innovationflag" name="method" time="0.005"/>
  <system-out>
    <![CDATA[login testcase]]>
  </system-out>
  <testcase classname="flag.Innovationflag" name="method" time="0.002"/>
  <system-out>
    <![CDATA[login testcase]]>
  </system-out>
  <testcase classname="flag.Innovationflag" name="method" time="0.058"/>
  <system-out>
    <![CDATA[login testcase]]>
  </system-out>
  <testcase classname="flag.Innovationflag" name="method" time="0.001"/>
  <system-out>
    <![CDATA[login testcase]]>
  </system-out>
  <testcase classname="flag.Innovationflag" name="method" time="0.000"/>
  <system-out>
    <![CDATA[login testcase]]>
  </system-out>
  <testcase classname="flag.Innovationflag" name="method" time="0.002"/>
  <system-out>
    <![CDATA[login testcase]]>
  </system-out>
  <testcase classname="flag.Innovationflag" name="method" time="0.003"/>
  <system-out>
    <![CDATA[login testcase]]>
  </system-out>
  <testcase classname="flag.Innovationflag" name="method" time="0.002"/>
  <system-out>
    <![CDATA[login testcase]]>
  </system-out>
  <testcase classname="flag.Innovationflag" name="method" time="0.001"/>
  <system-out>
    <![CDATA[login testcase]]>
  </system-out>
  <testcase classname="flag.Innovationflag" name="method" time="0.001"/>
  <system-out>
    <![CDATA[login testcase]]>
  </system-out>
  <testcase classname="flag.Innovationflag" name="method" time="0.001"/>
  <system-out>
    <![CDATA[login testcase]]>
  </system-out>
  <testcase classname="flag.Innovationflag" name="method" time="0.000"/>
  <system-out>
    <![CDATA[login testcase]]>
  </system-out>
  <testcase classname="flag.Innovationflag" name="method" time="0.000"/>
  <system-out>
    <![CDATA[login testcase]]>
  </system-out>
  <testcase classname="flag.Innovationflag" name="method" time="0.000"/>
  <system-out>
    <![CDATA[login testcase]]>
  </system-out>
  <testcase classname="flag.Innovationflag" name="method" time="0.001"/>
  <system-out>
    <![CDATA[login testcase]]>
  </system-out>
  <testcase classname="flag.Innovationflag" name="method" time="0.000"/>
  <system-out>
    <![CDATA[login testcase]]>
  </system-out>
  <testcase classname="flag.Innovationflag" name="method" time="0.001"/>
  <system-out>
    <![CDATA[login testcase]]>
  </system-out>
  <testcase classname="flag.Innovationflag" name="method" time="0.001"/>
  <system-out>
    <![CDATA[login testcase]]>
  </system-out>
  <testcase classname="flag.Innovationflag" name="method" time="0.000"/>
  <system-out>
    <![CDATA[login testcase]]>
  </system-out>
  <testcase classname="flag.Innovationflag" name="method" time="0.000"/>
  <system-out>
    <![CDATA[login testcase]]>
  </system-out>
  <testcase classname="flag.Innovationflag" name="method" time="0.000"/>
  <system-out>
    <![CDATA[login testcase]]>
  </system-out>
  <testcase classname="flag.Innovationflag" name="method" time="0.002"/>
  <system-out>
    <![CDATA[login testcase]]>
  </system-out>
  <testcase classname="flag.Innovationflag" name="method" time="0.001"/>
  <system-out>
    <![CDATA[login testcase]]>
  </system-out>
  <testcase classname="flag.Innovationflag" name="method" time="0.001"/>
  <system-out>
    <![CDATA[login testcase]]>
  </system-out>
  <testcase classname="flag.Innovationflag" name="method" time="0.005"/>
  <system-out>
    <![CDATA[login testcase]]>
  </system-out>
  <testcase classname="flag.Innovationflag" name="method" time="0.000"/>
  <system-out>
    <![CDATA[login testcase]]>
  </system-out>
  <testcase classname="flag.Innovationflag" name="method" time="0.001"/>
  <system-out>
    <![CDATA[login testcase]]>
  </system-out>
  <testcase classname="flag.Innovationflag" name="method" time="0.001"/>
  <system-out>
    <![CDATA[login testcase]]>
  </system-out>
  <testcase classname="flag.Innovationflag" name="method" time="0.000"/>
  <system-out>
    <![CDATA[login testcase]]>
  </system-out>
  <testcase classname="flag.Innovationflag" name="method" time="0.001"/>
  <system-out>
    <![CDATA[login testcase]]>
  </system-out>
  <testcase classname="flag.Innovationflag" name="method" time="0.000"/>
  <system-out>
    <![CDATA[login testcase]]>
  </system-out>
  <testcase classname="flag.Innovationflag" name="method" time="0.000"/>
  <system-out>
    <![CDATA[login testcase]]>
  </system-out>
  <testcase classname="flag.Innovationflag" name="method" time="0.001"/>
  <system-out>
    <![CDATA[login testcase]]>
  </system-out>
  <testcase classname="flag.Innovationflag" name="method" time="0.000"/>
  <system-out>
    <![CDATA[login testcase]]>
  </system-out>
  <testcase classname="flag.Innovationflag" name="method" time="0.001"/>
  <system-out>
    <![CDATA[login testcase]]>
  </system-out>
  <testcase classname="flag.Innovationflag" name="method" time="0.001"/>
  <system-out>
    <![CDATA[login testcase]]>
  </system-out>
  <testcase classname="flag.Innovationflag" name="method" time="0.001"/>
  <system-out>
    <![CDATA[login testcase]]>
  </system-out>
  <testcase classname="flag.Innovationflag" name="method" time="0.000"/>
  <system-out>
    <![CDATA[login testcase]]>
  </system-out>
  <testcase classname="flag.Innovationflag" name="method" time="0.000"/>
  <system-out>
    <![CDATA[login testcase]]>
  </system-out>
  <testcase classname="flag.Innovationflag" name="method" time="0.000"/>
  <system-out>
    <![CDATA[login testcase]]>
  </system-out>
  <testcase classname="flag.Innovationflag" name="method" time="0.000"/>
  <system-out>
    <![CDATA[login testcase]]>
  </system-out>
  <testcase classname="flag.Innovationflag" name="method" time="0.005"/>
  <system-out>
    <![CDATA[login testcase]]>
  </system-out>
  <testcase classname="flag.Innovationflag" name="method" time="0.001"/>
  <system-out>
    <![CDATA[login testcase]]>
  </system-out>
  <testcase classname="flag.Innovationflag" name="method" time="0.005"/>
  <system-out>
    <![CDATA[login testcase]]>
  </system-out>
  <testcase classname="flag.Innovationflag" name="method" time="0.003"/>
  <system-out>
    <![CDATA[login testcase]]>
  </system-out>
  <testcase classname="flag.Innovationflag" name="method" time="0.002"/>
  <system-out>
    <![CDATA[login testcase]]>
  </system-out>
  <testcase classname="flag.Innovationflag" name="method" time="0.001"/>
  <system-out>
    <![CDATA[login testcase]]>
  </system-out>
  <testcase classname="flag.Innovationflag" name="method" time="0.001"/>
  <system-out>
    <![CDATA[login testcase]]>
  </system-out>
  <testcase classname="flag.Innovationflag" name="method" time="0.001"/>
  <system-out>
    <![CDATA[login testcase]]>
  </system-out>
  <testcase classname="flag.Innovationflag" name="method" time="0.006"/>
  <system-out>
    <![CDATA[login testcase]]>
  </system-out>
  <testcase classname="flag.Innovationflag" name="method" time="0.001"/>
  <system-out>
    <![CDATA[login testcase]]>
  </system-out>
  <testcase classname="flag.Innovationflag" name="method" time="0.000"/>
  <system-out>
    <![CDATA[login testcase]]>
  </system-out>
  <testcase classname="flag.Innovationflag" name="method" time="0.001"/>
  <system-out>
    <![CDATA[login testcase]]>
  </system-out>
  <testcase classname="flag.Innovationflag" name="method" time="0.003"/>
  <system-out>
    <![CDATA[login testcase]]>
  </system-out>
  <testcase classname="flag.Innovationflag" name="method" time="0.000"/>
  <system-out>
    <![CDATA[login testcase]]>
  </system-out>
  <testcase classname="flag.Innovationflag" name="method" time="0.003"/>
  <system-out>
    <![CDATA[login testcase]]>
  </system-out>
  <testcase classname="flag.Innovationflag" name="method" time="0.001"/>
  <system-out>
    <![CDATA[login testcase]]>
  </system-out>
  <testcase classname="flag.Innovationflag" name="method" time="0.001"/>
  <system-out>
    <![CDATA[login testcase]]>
  </system-out>
  <testcase classname="flag.Innovationflag" name="method" time="0.000"/>
  <system-out>
    <![CDATA[login testcase]]>
  </system-out>
</testsuite> <!-- flag.Innovationflag -->
